[2025-02-15 13:42:38] local.WARNING: Request data: {"title":"ghfhgf","make":"hgfhgf","model":"hgfhgf","year":"2024","price":"65","description":"hgfhgfh","images":[{}]}  
[2025-02-15 13:49:47] local.WARNING: Request data: {"title":"dsasa","make":"dsadsa","model":"dsa","year":"2019","price":"111","description":"fds","mileage":"12","mileage_unit":"dsf","owner_number":"fds","color":"fsdfds","body_type":"dsfs","variant":"fdsfs","power_windows":"1","abs":"1","airbags":"1","sunroof":"1","navigation":"1","rear_camera":"1","leather_seats":"1","images":[{}]}  
[2025-02-15 13:59:29] local.ERROR: SQLSTATE[42703]: Undefined column: 7 ERROR:  column "features" does not exist
LINE 1: ...m "cars" where "year" >= $1 and "year" <= $2 and ("features"...
                                                             ^ (Connection: pgsql, SQL: select count(*) as aggregate from "cars" where "year" >= 2000 and "year" <= 2025 and ("features")::jsonb @> "ABS") {"exception":"[object] (Illuminate\\Database\\QueryException(code: 42703): SQLSTATE[42703]: Undefined column: 7 ERROR:  column \"features\" does not exist
LINE 1: ...m \"cars\" where \"year\" >= $1 and \"year\" <= $2 and (\"features\"...
                                                             ^ (Connection: pgsql, SQL: select count(*) as aggregate from \"cars\" where \"year\" >= 2000 and \"year\" <= 2025 and (\"features\")::jsonb @> \"ABS\") at C:\\Users\\Jayant Kumar Bhati\\OneDrive\\Desktop\\Car\\car-sale-backend\\vendor\\laravel\\framework\\src\\Illuminate\\Database\\Connection.php:825)
[stacktrace]
#0 C:\\Users\\Jayant Kumar Bhati\\OneDrive\\Desktop\\Car\\car-sale-backend\\vendor\\laravel\\framework\\src\\Illuminate\\Database\\Connection.php(779): Illuminate\\Database\\Connection->runQueryCallback('select count(*)...', Array, Object(Closure))
#1 C:\\Users\\Jayant Kumar Bhati\\OneDrive\\Desktop\\Car\\car-sale-backend\\vendor\\laravel\\framework\\src\\Illuminate\\Database\\Connection.php(398): Illuminate\\Database\\Connection->run('select count(*)...', Array, Object(Closure))
#2 C:\\Users\\Jayant Kumar Bhati\\OneDrive\\Desktop\\Car\\car-sale-backend\\vendor\\laravel\\framework\\src\\Illuminate\\Database\\Query\\Builder.php(3133): Illuminate\\Database\\Connection->select('select count(*)...', Array, true)
#3 C:\\Users\\Jayant Kumar Bhati\\OneDrive\\Desktop\\Car\\car-sale-backend\\vendor\\laravel\\framework\\src\\Illuminate\\Database\\Query\\Builder.php(3118): Illuminate\\Database\\Query\\Builder->runSelect()
#4 C:\\Users\\Jayant Kumar Bhati\\OneDrive\\Desktop\\Car\\car-sale-backend\\vendor\\laravel\\framework\\src\\Illuminate\\Database\\Query\\Builder.php(3706): Illuminate\\Database\\Query\\Builder->Illuminate\\Database\\Query\\{closure}()
#5 C:\\Users\\Jayant Kumar Bhati\\OneDrive\\Desktop\\Car\\car-sale-backend\\vendor\\laravel\\framework\\src\\Illuminate\\Database\\Query\\Builder.php(3117): Illuminate\\Database\\Query\\Builder->onceWithColumns(Array, Object(Closure))
#6 C:\\Users\\Jayant Kumar Bhati\\OneDrive\\Desktop\\Car\\car-sale-backend\\vendor\\laravel\\framework\\src\\Illuminate\\Database\\Query\\Builder.php(3312): Illuminate\\Database\\Query\\Builder->get()
#7 C:\\Users\\Jayant Kumar Bhati\\OneDrive\\Desktop\\Car\\car-sale-backend\\vendor\\laravel\\framework\\src\\Illuminate\\Database\\Query\\Builder.php(3271): Illuminate\\Database\\Query\\Builder->runPaginationCountQuery(Array)
#8 C:\\Users\\Jayant Kumar Bhati\\OneDrive\\Desktop\\Car\\car-sale-backend\\vendor\\laravel\\framework\\src\\Illuminate\\Database\\Eloquent\\Builder.php(1005): Illuminate\\Database\\Query\\Builder->getCountForPagination()
#9 C:\\Users\\Jayant Kumar Bhati\\OneDrive\\Desktop\\Car\\car-sale-backend\\app\\Http\\Controllers\\API\\CarController.php(23): Illuminate\\Database\\Eloquent\\Builder->paginate(10)
#10 C:\\Users\\Jayant Kumar Bhati\\OneDrive\\Desktop\\Car\\car-sale-backend\\vendor\\laravel\\framework\\src\\Illuminate\\Routing\\Controller.php(54): App\\Http\\Controllers\\API\\CarController->index(Object(Illuminate\\Http\\Request))
#11 C:\\Users\\Jayant Kumar Bhati\\OneDrive\\Desktop\\Car\\car-sale-backend\\vendor\\laravel\\framework\\src\\Illuminate\\Routing\\ControllerDispatcher.php(44): Illuminate\\Routing\\Controller->callAction('index', Array)
#12 C:\\Users\\Jayant Kumar Bhati\\OneDrive\\Desktop\\Car\\car-sale-backend\\vendor\\laravel\\framework\\src\\Illuminate\\Routing\\Route.php(266): Illuminate\\Routing\\ControllerDispatcher->dispatch(Object(Illuminate\\Routing\\Route), Object(App\\Http\\Controllers\\API\\CarController), 'index')
#13 C:\\Users\\Jayant Kumar Bhati\\OneDrive\\Desktop\\Car\\car-sale-backend\\vendor\\laravel\\framework\\src\\Illuminate\\Routing\\Route.php(212): Illuminate\\Routing\\Route->runController()
#14 C:\\Users\\Jayant Kumar Bhati\\OneDrive\\Desktop\\Car\\car-sale-backend\\vendor\\laravel\\framework\\src\\Illuminate\\Routing\\Router.php(808): Illuminate\\Routing\\Route->run()
#15 C:\\Users\\Jayant Kumar Bhati\\OneDrive\\Desktop\\Car\\car-sale-backend\\vendor\\laravel\\framework\\src\\Illuminate\\Pipeline\\Pipeline.php(170): Illuminate\\Routing\\Router->Illuminate\\Routing\\{closure}(Object(Illuminate\\Http\\Request))
#16 C:\\Users\\Jayant Kumar Bhati\\OneDrive\\Desktop\\Car\\car-sale-backend\\vendor\\laravel\\framework\\src\\Illuminate\\Routing\\Middleware\\SubstituteBindings.php(51): Illuminate\\Pipeline\\Pipeline->Illuminate\\Pipeline\\{closure}(Object(Illuminate\\Http\\Request))
#17 C:\\Users\\Jayant Kumar Bhati\\OneDrive\\Desktop\\Car\\car-sale-backend\\vendor\\laravel\\framework\\src\\Illuminate\\Pipeline\\Pipeline.php(209): Illuminate\\Routing\\Middleware\\SubstituteBindings->handle(Object(Illuminate\\Http\\Request), Object(Closure))
#18 C:\\Users\\Jayant Kumar Bhati\\OneDrive\\Desktop\\Car\\car-sale-backend\\vendor\\laravel\\sanctum\\src\\Http\\Middleware\\EnsureFrontendRequestsAreStateful.php(25): Illuminate\\Pipeline\\Pipeline->Illuminate\\Pipeline\\{closure}(Object(Illuminate\\Http\\Request))
#19 C:\\Users\\Jayant Kumar Bhati\\OneDrive\\Desktop\\Car\\car-sale-backend\\vendor\\laravel\\framework\\src\\Illuminate\\Pipeline\\Pipeline.php(170): Laravel\\Sanctum\\Http\\Middleware\\EnsureFrontendRequestsAreStateful->Laravel\\Sanctum\\Http\\Middleware\\{closure}(Object(Illuminate\\Http\\Request))
#20 C:\\Users\\Jayant Kumar Bhati\\OneDrive\\Desktop\\Car\\car-sale-backend\\vendor\\laravel\\framework\\src\\Illuminate\\Pipeline\\Pipeline.php(127): Illuminate\\Pipeline\\Pipeline->Illuminate\\Pipeline\\{closure}(Object(Illuminate\\Http\\Request))
#21 C:\\Users\\Jayant Kumar Bhati\\OneDrive\\Desktop\\Car\\car-sale-backend\\vendor\\laravel\\sanctum\\src\\Http\\Middleware\\EnsureFrontendRequestsAreStateful.php(24): Illuminate\\Pipeline\\Pipeline->then(Object(Closure))
#22 C:\\Users\\Jayant Kumar Bhati\\OneDrive\\Desktop\\Car\\car-sale-backend\\vendor\\laravel\\framework\\src\\Illuminate\\Pipeline\\Pipeline.php(209): Laravel\\Sanctum\\Http\\Middleware\\EnsureFrontendRequestsAreStateful->handle(Object(Illuminate\\Http\\Request), Object(Closure))
#23 C:\\Users\\Jayant Kumar Bhati\\OneDrive\\Desktop\\Car\\car-sale-backend\\vendor\\laravel\\framework\\src\\Illuminate\\Pipeline\\Pipeline.php(127): Illuminate\\Pipeline\\Pipeline->Illuminate\\Pipeline\\{closure}(Object(Illuminate\\Http\\Request))
#24 C:\\Users\\Jayant Kumar Bhati\\OneDrive\\Desktop\\Car\\car-sale-backend\\vendor\\laravel\\framework\\src\\Illuminate\\Routing\\Router.php(807): Illuminate\\Pipeline\\Pipeline->then(Object(Closure))
#25 C:\\Users\\Jayant Kumar Bhati\\OneDrive\\Desktop\\Car\\car-sale-backend\\vendor\\laravel\\framework\\src\\Illuminate\\Routing\\Router.php(786): Illuminate\\Routing\\Router->runRouteWithinStack(Object(Illuminate\\Routing\\Route), Object(Illuminate\\Http\\Request))
#26 C:\\Users\\Jayant Kumar Bhati\\OneDrive\\Desktop\\Car\\car-sale-backend\\vendor\\laravel\\framework\\src\\Illuminate\\Routing\\Router.php(750): Illuminate\\Routing\\Router->runRoute(Object(Illuminate\\Http\\Request), Object(Illuminate\\Routing\\Route))
#27 C:\\Users\\Jayant Kumar Bhati\\OneDrive\\Desktop\\Car\\car-sale-backend\\vendor\\laravel\\framework\\src\\Illuminate\\Routing\\Router.php(739): Illuminate\\Routing\\Router->dispatchToRoute(Object(Illuminate\\Http\\Request))
#28 C:\\Users\\Jayant Kumar Bhati\\OneDrive\\Desktop\\Car\\car-sale-backend\\vendor\\laravel\\framework\\src\\Illuminate\\Foundation\\Http\\Kernel.php(201): Illuminate\\Routing\\Router->dispatch(Object(Illuminate\\Http\\Request))
#29 C:\\Users\\Jayant Kumar Bhati\\OneDrive\\Desktop\\Car\\car-sale-backend\\vendor\\laravel\\framework\\src\\Illuminate\\Pipeline\\Pipeline.php(170): Illuminate\\Foundation\\Http\\Kernel->Illuminate\\Foundation\\Http\\{closure}(Object(Illuminate\\Http\\Request))
#30 C:\\Users\\Jayant Kumar Bhati\\OneDrive\\Desktop\\Car\\car-sale-backend\\vendor\\laravel\\framework\\src\\Illuminate\\Foundation\\Http\\Middleware\\TransformsRequest.php(21): Illuminate\\Pipeline\\Pipeline->Illuminate\\Pipeline\\{closure}(Object(Illuminate\\Http\\Request))
#31 C:\\Users\\Jayant Kumar Bhati\\OneDrive\\Desktop\\Car\\car-sale-backend\\vendor\\laravel\\framework\\src\\Illuminate\\Foundation\\Http\\Middleware\\ConvertEmptyStringsToNull.php(31): Illuminate\\Foundation\\Http\\Middleware\\TransformsRequest->handle(Object(Illuminate\\Http\\Request), Object(Closure))
#32 C:\\Users\\Jayant Kumar Bhati\\OneDrive\\Desktop\\Car\\car-sale-backend\\vendor\\laravel\\framework\\src\\Illuminate\\Pipeline\\Pipeline.php(209): Illuminate\\Foundation\\Http\\Middleware\\ConvertEmptyStringsToNull->handle(Object(Illuminate\\Http\\Request), Object(Closure))
#33 C:\\Users\\Jayant Kumar Bhati\\OneDrive\\Desktop\\Car\\car-sale-backend\\vendor\\laravel\\framework\\src\\Illuminate\\Foundation\\Http\\Middleware\\TransformsRequest.php(21): Illuminate\\Pipeline\\Pipeline->Illuminate\\Pipeline\\{closure}(Object(Illuminate\\Http\\Request))
#34 C:\\Users\\Jayant Kumar Bhati\\OneDrive\\Desktop\\Car\\car-sale-backend\\vendor\\laravel\\framework\\src\\Illuminate\\Foundation\\Http\\Middleware\\TrimStrings.php(51): Illuminate\\Foundation\\Http\\Middleware\\TransformsRequest->handle(Object(Illuminate\\Http\\Request), Object(Closure))
#35 C:\\Users\\Jayant Kumar Bhati\\OneDrive\\Desktop\\Car\\car-sale-backend\\vendor\\laravel\\framework\\src\\Illuminate\\Pipeline\\Pipeline.php(209): Illuminate\\Foundation\\Http\\Middleware\\TrimStrings->handle(Object(Illuminate\\Http\\Request), Object(Closure))
#36 C:\\Users\\Jayant Kumar Bhati\\OneDrive\\Desktop\\Car\\car-sale-backend\\vendor\\laravel\\framework\\src\\Illuminate\\Http\\Middleware\\ValidatePostSize.php(27): Illuminate\\Pipeline\\Pipeline->Illuminate\\Pipeline\\{closure}(Object(Illuminate\\Http\\Request))
#37 C:\\Users\\Jayant Kumar Bhati\\OneDrive\\Desktop\\Car\\car-sale-backend\\vendor\\laravel\\framework\\src\\Illuminate\\Pipeline\\Pipeline.php(209): Illuminate\\Http\\Middleware\\ValidatePostSize->handle(Object(Illuminate\\Http\\Request), Object(Closure))
#38 C:\\Users\\Jayant Kumar Bhati\\OneDrive\\Desktop\\Car\\car-sale-backend\\vendor\\laravel\\framework\\src\\Illuminate\\Foundation\\Http\\Middleware\\PreventRequestsDuringMaintenance.php(110): Illuminate\\Pipeline\\Pipeline->Illuminate\\Pipeline\\{closure}(Object(Illuminate\\Http\\Request))
#39 C:\\Users\\Jayant Kumar Bhati\\OneDrive\\Desktop\\Car\\car-sale-backend\\vendor\\laravel\\framework\\src\\Illuminate\\Pipeline\\Pipeline.php(209): Illuminate\\Foundation\\Http\\Middleware\\PreventRequestsDuringMaintenance->handle(Object(Illuminate\\Http\\Request), Object(Closure))
#40 C:\\Users\\Jayant Kumar Bhati\\OneDrive\\Desktop\\Car\\car-sale-backend\\vendor\\laravel\\framework\\src\\Illuminate\\Http\\Middleware\\HandleCors.php(62): Illuminate\\Pipeline\\Pipeline->Illuminate\\Pipeline\\{closure}(Object(Illuminate\\Http\\Request))
#41 C:\\Users\\Jayant Kumar Bhati\\OneDrive\\Desktop\\Car\\car-sale-backend\\vendor\\laravel\\framework\\src\\Illuminate\\Pipeline\\Pipeline.php(209): Illuminate\\Http\\Middleware\\HandleCors->handle(Object(Illuminate\\Http\\Request), Object(Closure))
#42 C:\\Users\\Jayant Kumar Bhati\\OneDrive\\Desktop\\Car\\car-sale-backend\\vendor\\laravel\\framework\\src\\Illuminate\\Http\\Middleware\\TrustProxies.php(58): Illuminate\\Pipeline\\Pipeline->Illuminate\\Pipeline\\{closure}(Object(Illuminate\\Http\\Request))
#43 C:\\Users\\Jayant Kumar Bhati\\OneDrive\\Desktop\\Car\\car-sale-backend\\vendor\\laravel\\framework\\src\\Illuminate\\Pipeline\\Pipeline.php(209): Illuminate\\Http\\Middleware\\TrustProxies->handle(Object(Illuminate\\Http\\Request), Object(Closure))
#44 C:\\Users\\Jayant Kumar Bhati\\OneDrive\\Desktop\\Car\\car-sale-backend\\vendor\\laravel\\framework\\src\\Illuminate\\Foundation\\Http\\Middleware\\InvokeDeferredCallbacks.php(22): Illuminate\\Pipeline\\Pipeline->Illuminate\\Pipeline\\{closure}(Object(Illuminate\\Http\\Request))
#45 C:\\Users\\Jayant Kumar Bhati\\OneDrive\\Desktop\\Car\\car-sale-backend\\vendor\\laravel\\framework\\src\\Illuminate\\Pipeline\\Pipeline.php(209): Illuminate\\Foundation\\Http\\Middleware\\InvokeDeferredCallbacks->handle(Object(Illuminate\\Http\\Request), Object(Closure))
#46 C:\\Users\\Jayant Kumar Bhati\\OneDrive\\Desktop\\Car\\car-sale-backend\\vendor\\laravel\\framework\\src\\Illuminate\\Pipeline\\Pipeline.php(127): Illuminate\\Pipeline\\Pipeline->Illuminate\\Pipeline\\{closure}(Object(Illuminate\\Http\\Request))
#47 C:\\Users\\Jayant Kumar Bhati\\OneDrive\\Desktop\\Car\\car-sale-backend\\vendor\\laravel\\framework\\src\\Illuminate\\Foundation\\Http\\Kernel.php(176): Illuminate\\Pipeline\\Pipeline->then(Object(Closure))
#48 C:\\Users\\Jayant Kumar Bhati\\OneDrive\\Desktop\\Car\\car-sale-backend\\vendor\\laravel\\framework\\src\\Illuminate\\Foundation\\Http\\Kernel.php(145): Illuminate\\Foundation\\Http\\Kernel->sendRequestThroughRouter(Object(Illuminate\\Http\\Request))
#49 C:\\Users\\Jayant Kumar Bhati\\OneDrive\\Desktop\\Car\\car-sale-backend\\vendor\\laravel\\framework\\src\\Illuminate\\Foundation\\Application.php(1193): Illuminate\\Foundation\\Http\\Kernel->handle(Object(Illuminate\\Http\\Request))
#50 C:\\Users\\Jayant Kumar Bhati\\OneDrive\\Desktop\\Car\\car-sale-backend\\public\\index.php(17): Illuminate\\Foundation\\Application->handleRequest(Object(Illuminate\\Http\\Request))
#51 C:\\Users\\Jayant Kumar Bhati\\OneDrive\\Desktop\\Car\\car-sale-backend\\vendor\\laravel\\framework\\src\\Illuminate\\Foundation\\resources\\server.php(23): require_once('C:\\\\Users\\\\Jayant...')
#52 {main}

[previous exception] [object] (PDOException(code: 42703): SQLSTATE[42703]: Undefined column: 7 ERROR:  column \"features\" does not exist
LINE 1: ...m \"cars\" where \"year\" >= $1 and \"year\" <= $2 and (\"features\"...
                                                             ^ at C:\\Users\\Jayant Kumar Bhati\\OneDrive\\Desktop\\Car\\car-sale-backend\\vendor\\laravel\\framework\\src\\Illuminate\\Database\\Connection.php:412)
[stacktrace]
#0 C:\\Users\\Jayant Kumar Bhati\\OneDrive\\Desktop\\Car\\car-sale-backend\\vendor\\laravel\\framework\\src\\Illuminate\\Database\\Connection.php(412): PDOStatement->execute()
#1 C:\\Users\\Jayant Kumar Bhati\\OneDrive\\Desktop\\Car\\car-sale-backend\\vendor\\laravel\\framework\\src\\Illuminate\\Database\\Connection.php(812): Illuminate\\Database\\Connection->Illuminate\\Database\\{closure}('select count(*)...', Array)
#2 C:\\Users\\Jayant Kumar Bhati\\OneDrive\\Desktop\\Car\\car-sale-backend\\vendor\\laravel\\framework\\src\\Illuminate\\Database\\Connection.php(779): Illuminate\\Database\\Connection->runQueryCallback('select count(*)...', Array, Object(Closure))
#3 C:\\Users\\Jayant Kumar Bhati\\OneDrive\\Desktop\\Car\\car-sale-backend\\vendor\\laravel\\framework\\src\\Illuminate\\Database\\Connection.php(398): Illuminate\\Database\\Connection->run('select count(*)...', Array, Object(Closure))
#4 C:\\Users\\Jayant Kumar Bhati\\OneDrive\\Desktop\\Car\\car-sale-backend\\vendor\\laravel\\framework\\src\\Illuminate\\Database\\Query\\Builder.php(3133): Illuminate\\Database\\Connection->select('select count(*)...', Array, true)
#5 C:\\Users\\Jayant Kumar Bhati\\OneDrive\\Desktop\\Car\\car-sale-backend\\vendor\\laravel\\framework\\src\\Illuminate\\Database\\Query\\Builder.php(3118): Illuminate\\Database\\Query\\Builder->runSelect()
#6 C:\\Users\\Jayant Kumar Bhati\\OneDrive\\Desktop\\Car\\car-sale-backend\\vendor\\laravel\\framework\\src\\Illuminate\\Database\\Query\\Builder.php(3706): Illuminate\\Database\\Query\\Builder->Illuminate\\Database\\Query\\{closure}()
#7 C:\\Users\\Jayant Kumar Bhati\\OneDrive\\Desktop\\Car\\car-sale-backend\\vendor\\laravel\\framework\\src\\Illuminate\\Database\\Query\\Builder.php(3117): Illuminate\\Database\\Query\\Builder->onceWithColumns(Array, Object(Closure))
#8 C:\\Users\\Jayant Kumar Bhati\\OneDrive\\Desktop\\Car\\car-sale-backend\\vendor\\laravel\\framework\\src\\Illuminate\\Database\\Query\\Builder.php(3312): Illuminate\\Database\\Query\\Builder->get()
#9 C:\\Users\\Jayant Kumar Bhati\\OneDrive\\Desktop\\Car\\car-sale-backend\\vendor\\laravel\\framework\\src\\Illuminate\\Database\\Query\\Builder.php(3271): Illuminate\\Database\\Query\\Builder->runPaginationCountQuery(Array)
#10 C:\\Users\\Jayant Kumar Bhati\\OneDrive\\Desktop\\Car\\car-sale-backend\\vendor\\laravel\\framework\\src\\Illuminate\\Database\\Eloquent\\Builder.php(1005): Illuminate\\Database\\Query\\Builder->getCountForPagination()
#11 C:\\Users\\Jayant Kumar Bhati\\OneDrive\\Desktop\\Car\\car-sale-backend\\app\\Http\\Controllers\\API\\CarController.php(23): Illuminate\\Database\\Eloquent\\Builder->paginate(10)
#12 C:\\Users\\Jayant Kumar Bhati\\OneDrive\\Desktop\\Car\\car-sale-backend\\vendor\\laravel\\framework\\src\\Illuminate\\Routing\\Controller.php(54): App\\Http\\Controllers\\API\\CarController->index(Object(Illuminate\\Http\\Request))
#13 C:\\Users\\Jayant Kumar Bhati\\OneDrive\\Desktop\\Car\\car-sale-backend\\vendor\\laravel\\framework\\src\\Illuminate\\Routing\\ControllerDispatcher.php(44): Illuminate\\Routing\\Controller->callAction('index', Array)
#14 C:\\Users\\Jayant Kumar Bhati\\OneDrive\\Desktop\\Car\\car-sale-backend\\vendor\\laravel\\framework\\src\\Illuminate\\Routing\\Route.php(266): Illuminate\\Routing\\ControllerDispatcher->dispatch(Object(Illuminate\\Routing\\Route), Object(App\\Http\\Controllers\\API\\CarController), 'index')
#15 C:\\Users\\Jayant Kumar Bhati\\OneDrive\\Desktop\\Car\\car-sale-backend\\vendor\\laravel\\framework\\src\\Illuminate\\Routing\\Route.php(212): Illuminate\\Routing\\Route->runController()
#16 C:\\Users\\Jayant Kumar Bhati\\OneDrive\\Desktop\\Car\\car-sale-backend\\vendor\\laravel\\framework\\src\\Illuminate\\Routing\\Router.php(808): Illuminate\\Routing\\Route->run()
#17 C:\\Users\\Jayant Kumar Bhati\\OneDrive\\Desktop\\Car\\car-sale-backend\\vendor\\laravel\\framework\\src\\Illuminate\\Pipeline\\Pipeline.php(170): Illuminate\\Routing\\Router->Illuminate\\Routing\\{closure}(Object(Illuminate\\Http\\Request))
#18 C:\\Users\\Jayant Kumar Bhati\\OneDrive\\Desktop\\Car\\car-sale-backend\\vendor\\laravel\\framework\\src\\Illuminate\\Routing\\Middleware\\SubstituteBindings.php(51): Illuminate\\Pipeline\\Pipeline->Illuminate\\Pipeline\\{closure}(Object(Illuminate\\Http\\Request))
#19 C:\\Users\\Jayant Kumar Bhati\\OneDrive\\Desktop\\Car\\car-sale-backend\\vendor\\laravel\\framework\\src\\Illuminate\\Pipeline\\Pipeline.php(209): Illuminate\\Routing\\Middleware\\SubstituteBindings->handle(Object(Illuminate\\Http\\Request), Object(Closure))
#20 C:\\Users\\Jayant Kumar Bhati\\OneDrive\\Desktop\\Car\\car-sale-backend\\vendor\\laravel\\sanctum\\src\\Http\\Middleware\\EnsureFrontendRequestsAreStateful.php(25): Illuminate\\Pipeline\\Pipeline->Illuminate\\Pipeline\\{closure}(Object(Illuminate\\Http\\Request))
#21 C:\\Users\\Jayant Kumar Bhati\\OneDrive\\Desktop\\Car\\car-sale-backend\\vendor\\laravel\\framework\\src\\Illuminate\\Pipeline\\Pipeline.php(170): Laravel\\Sanctum\\Http\\Middleware\\EnsureFrontendRequestsAreStateful->Laravel\\Sanctum\\Http\\Middleware\\{closure}(Object(Illuminate\\Http\\Request))
#22 C:\\Users\\Jayant Kumar Bhati\\OneDrive\\Desktop\\Car\\car-sale-backend\\vendor\\laravel\\framework\\src\\Illuminate\\Pipeline\\Pipeline.php(127): Illuminate\\Pipeline\\Pipeline->Illuminate\\Pipeline\\{closure}(Object(Illuminate\\Http\\Request))
#23 C:\\Users\\Jayant Kumar Bhati\\OneDrive\\Desktop\\Car\\car-sale-backend\\vendor\\laravel\\sanctum\\src\\Http\\Middleware\\EnsureFrontendRequestsAreStateful.php(24): Illuminate\\Pipeline\\Pipeline->then(Object(Closure))
#24 C:\\Users\\Jayant Kumar Bhati\\OneDrive\\Desktop\\Car\\car-sale-backend\\vendor\\laravel\\framework\\src\\Illuminate\\Pipeline\\Pipeline.php(209): Laravel\\Sanctum\\Http\\Middleware\\EnsureFrontendRequestsAreStateful->handle(Object(Illuminate\\Http\\Request), Object(Closure))
#25 C:\\Users\\Jayant Kumar Bhati\\OneDrive\\Desktop\\Car\\car-sale-backend\\vendor\\laravel\\framework\\src\\Illuminate\\Pipeline\\Pipeline.php(127): Illuminate\\Pipeline\\Pipeline->Illuminate\\Pipeline\\{closure}(Object(Illuminate\\Http\\Request))
#26 C:\\Users\\Jayant Kumar Bhati\\OneDrive\\Desktop\\Car\\car-sale-backend\\vendor\\laravel\\framework\\src\\Illuminate\\Routing\\Router.php(807): Illuminate\\Pipeline\\Pipeline->then(Object(Closure))
#27 C:\\Users\\Jayant Kumar Bhati\\OneDrive\\Desktop\\Car\\car-sale-backend\\vendor\\laravel\\framework\\src\\Illuminate\\Routing\\Router.php(786): Illuminate\\Routing\\Router->runRouteWithinStack(Object(Illuminate\\Routing\\Route), Object(Illuminate\\Http\\Request))
#28 C:\\Users\\Jayant Kumar Bhati\\OneDrive\\Desktop\\Car\\car-sale-backend\\vendor\\laravel\\framework\\src\\Illuminate\\Routing\\Router.php(750): Illuminate\\Routing\\Router->runRoute(Object(Illuminate\\Http\\Request), Object(Illuminate\\Routing\\Route))
#29 C:\\Users\\Jayant Kumar Bhati\\OneDrive\\Desktop\\Car\\car-sale-backend\\vendor\\laravel\\framework\\src\\Illuminate\\Routing\\Router.php(739): Illuminate\\Routing\\Router->dispatchToRoute(Object(Illuminate\\Http\\Request))
#30 C:\\Users\\Jayant Kumar Bhati\\OneDrive\\Desktop\\Car\\car-sale-backend\\vendor\\laravel\\framework\\src\\Illuminate\\Foundation\\Http\\Kernel.php(201): Illuminate\\Routing\\Router->dispatch(Object(Illuminate\\Http\\Request))
#31 C:\\Users\\Jayant Kumar Bhati\\OneDrive\\Desktop\\Car\\car-sale-backend\\vendor\\laravel\\framework\\src\\Illuminate\\Pipeline\\Pipeline.php(170): Illuminate\\Foundation\\Http\\Kernel->Illuminate\\Foundation\\Http\\{closure}(Object(Illuminate\\Http\\Request))
#32 C:\\Users\\Jayant Kumar Bhati\\OneDrive\\Desktop\\Car\\car-sale-backend\\vendor\\laravel\\framework\\src\\Illuminate\\Foundation\\Http\\Middleware\\TransformsRequest.php(21): Illuminate\\Pipeline\\Pipeline->Illuminate\\Pipeline\\{closure}(Object(Illuminate\\Http\\Request))
#33 C:\\Users\\Jayant Kumar Bhati\\OneDrive\\Desktop\\Car\\car-sale-backend\\vendor\\laravel\\framework\\src\\Illuminate\\Foundation\\Http\\Middleware\\ConvertEmptyStringsToNull.php(31): Illuminate\\Foundation\\Http\\Middleware\\TransformsRequest->handle(Object(Illuminate\\Http\\Request), Object(Closure))
#34 C:\\Users\\Jayant Kumar Bhati\\OneDrive\\Desktop\\Car\\car-sale-backend\\vendor\\laravel\\framework\\src\\Illuminate\\Pipeline\\Pipeline.php(209): Illuminate\\Foundation\\Http\\Middleware\\ConvertEmptyStringsToNull->handle(Object(Illuminate\\Http\\Request), Object(Closure))
#35 C:\\Users\\Jayant Kumar Bhati\\OneDrive\\Desktop\\Car\\car-sale-backend\\vendor\\laravel\\framework\\src\\Illuminate\\Foundation\\Http\\Middleware\\TransformsRequest.php(21): Illuminate\\Pipeline\\Pipeline->Illuminate\\Pipeline\\{closure}(Object(Illuminate\\Http\\Request))
#36 C:\\Users\\Jayant Kumar Bhati\\OneDrive\\Desktop\\Car\\car-sale-backend\\vendor\\laravel\\framework\\src\\Illuminate\\Foundation\\Http\\Middleware\\TrimStrings.php(51): Illuminate\\Foundation\\Http\\Middleware\\TransformsRequest->handle(Object(Illuminate\\Http\\Request), Object(Closure))
#37 C:\\Users\\Jayant Kumar Bhati\\OneDrive\\Desktop\\Car\\car-sale-backend\\vendor\\laravel\\framework\\src\\Illuminate\\Pipeline\\Pipeline.php(209): Illuminate\\Foundation\\Http\\Middleware\\TrimStrings->handle(Object(Illuminate\\Http\\Request), Object(Closure))
#38 C:\\Users\\Jayant Kumar Bhati\\OneDrive\\Desktop\\Car\\car-sale-backend\\vendor\\laravel\\framework\\src\\Illuminate\\Http\\Middleware\\ValidatePostSize.php(27): Illuminate\\Pipeline\\Pipeline->Illuminate\\Pipeline\\{closure}(Object(Illuminate\\Http\\Request))
#39 C:\\Users\\Jayant Kumar Bhati\\OneDrive\\Desktop\\Car\\car-sale-backend\\vendor\\laravel\\framework\\src\\Illuminate\\Pipeline\\Pipeline.php(209): Illuminate\\Http\\Middleware\\ValidatePostSize->handle(Object(Illuminate\\Http\\Request), Object(Closure))
#40 C:\\Users\\Jayant Kumar Bhati\\OneDrive\\Desktop\\Car\\car-sale-backend\\vendor\\laravel\\framework\\src\\Illuminate\\Foundation\\Http\\Middleware\\PreventRequestsDuringMaintenance.php(110): Illuminate\\Pipeline\\Pipeline->Illuminate\\Pipeline\\{closure}(Object(Illuminate\\Http\\Request))
#41 C:\\Users\\Jayant Kumar Bhati\\OneDrive\\Desktop\\Car\\car-sale-backend\\vendor\\laravel\\framework\\src\\Illuminate\\Pipeline\\Pipeline.php(209): Illuminate\\Foundation\\Http\\Middleware\\PreventRequestsDuringMaintenance->handle(Object(Illuminate\\Http\\Request), Object(Closure))
#42 C:\\Users\\Jayant Kumar Bhati\\OneDrive\\Desktop\\Car\\car-sale-backend\\vendor\\laravel\\framework\\src\\Illuminate\\Http\\Middleware\\HandleCors.php(62): Illuminate\\Pipeline\\Pipeline->Illuminate\\Pipeline\\{closure}(Object(Illuminate\\Http\\Request))
#43 C:\\Users\\Jayant Kumar Bhati\\OneDrive\\Desktop\\Car\\car-sale-backend\\vendor\\laravel\\framework\\src\\Illuminate\\Pipeline\\Pipeline.php(209): Illuminate\\Http\\Middleware\\HandleCors->handle(Object(Illuminate\\Http\\Request), Object(Closure))
#44 C:\\Users\\Jayant Kumar Bhati\\OneDrive\\Desktop\\Car\\car-sale-backend\\vendor\\laravel\\framework\\src\\Illuminate\\Http\\Middleware\\TrustProxies.php(58): Illuminate\\Pipeline\\Pipeline->Illuminate\\Pipeline\\{closure}(Object(Illuminate\\Http\\Request))
#45 C:\\Users\\Jayant Kumar Bhati\\OneDrive\\Desktop\\Car\\car-sale-backend\\vendor\\laravel\\framework\\src\\Illuminate\\Pipeline\\Pipeline.php(209): Illuminate\\Http\\Middleware\\TrustProxies->handle(Object(Illuminate\\Http\\Request), Object(Closure))
#46 C:\\Users\\Jayant Kumar Bhati\\OneDrive\\Desktop\\Car\\car-sale-backend\\vendor\\laravel\\framework\\src\\Illuminate\\Foundation\\Http\\Middleware\\InvokeDeferredCallbacks.php(22): Illuminate\\Pipeline\\Pipeline->Illuminate\\Pipeline\\{closure}(Object(Illuminate\\Http\\Request))
#47 C:\\Users\\Jayant Kumar Bhati\\OneDrive\\Desktop\\Car\\car-sale-backend\\vendor\\laravel\\framework\\src\\Illuminate\\Pipeline\\Pipeline.php(209): Illuminate\\Foundation\\Http\\Middleware\\InvokeDeferredCallbacks->handle(Object(Illuminate\\Http\\Request), Object(Closure))
#48 C:\\Users\\Jayant Kumar Bhati\\OneDrive\\Desktop\\Car\\car-sale-backend\\vendor\\laravel\\framework\\src\\Illuminate\\Pipeline\\Pipeline.php(127): Illuminate\\Pipeline\\Pipeline->Illuminate\\Pipeline\\{closure}(Object(Illuminate\\Http\\Request))
#49 C:\\Users\\Jayant Kumar Bhati\\OneDrive\\Desktop\\Car\\car-sale-backend\\vendor\\laravel\\framework\\src\\Illuminate\\Foundation\\Http\\Kernel.php(176): Illuminate\\Pipeline\\Pipeline->then(Object(Closure))
#50 C:\\Users\\Jayant Kumar Bhati\\OneDrive\\Desktop\\Car\\car-sale-backend\\vendor\\laravel\\framework\\src\\Illuminate\\Foundation\\Http\\Kernel.php(145): Illuminate\\Foundation\\Http\\Kernel->sendRequestThroughRouter(Object(Illuminate\\Http\\Request))
#51 C:\\Users\\Jayant Kumar Bhati\\OneDrive\\Desktop\\Car\\car-sale-backend\\vendor\\laravel\\framework\\src\\Illuminate\\Foundation\\Application.php(1193): Illuminate\\Foundation\\Http\\Kernel->handle(Object(Illuminate\\Http\\Request))
#52 C:\\Users\\Jayant Kumar Bhati\\OneDrive\\Desktop\\Car\\car-sale-backend\\public\\index.php(17): Illuminate\\Foundation\\Application->handleRequest(Object(Illuminate\\Http\\Request))
#53 C:\\Users\\Jayant Kumar Bhati\\OneDrive\\Desktop\\Car\\car-sale-backend\\vendor\\laravel\\framework\\src\\Illuminate\\Foundation\\resources\\server.php(23): require_once('C:\\\\Users\\\\Jayant...')
#54 {main}
"} 
[2025-02-15 13:59:41] local.ERROR: SQLSTATE[42703]: Undefined column: 7 ERROR:  column "features" does not exist
LINE 1: ...m "cars" where "year" >= $1 and "year" <= $2 and ("features"...
                                                             ^ (Connection: pgsql, SQL: select count(*) as aggregate from "cars" where "year" >= 2000 and "year" <= 2025 and ("features")::jsonb @> "ABS") {"exception":"[object] (Illuminate\\Database\\QueryException(code: 42703): SQLSTATE[42703]: Undefined column: 7 ERROR:  column \"features\" does not exist
LINE 1: ...m \"cars\" where \"year\" >= $1 and \"year\" <= $2 and (\"features\"...
                                                             ^ (Connection: pgsql, SQL: select count(*) as aggregate from \"cars\" where \"year\" >= 2000 and \"year\" <= 2025 and (\"features\")::jsonb @> \"ABS\") at C:\\Users\\Jayant Kumar Bhati\\OneDrive\\Desktop\\Car\\car-sale-backend\\vendor\\laravel\\framework\\src\\Illuminate\\Database\\Connection.php:825)
[stacktrace]
#0 C:\\Users\\Jayant Kumar Bhati\\OneDrive\\Desktop\\Car\\car-sale-backend\\vendor\\laravel\\framework\\src\\Illuminate\\Database\\Connection.php(779): Illuminate\\Database\\Connection->runQueryCallback('select count(*)...', Array, Object(Closure))
#1 C:\\Users\\Jayant Kumar Bhati\\OneDrive\\Desktop\\Car\\car-sale-backend\\vendor\\laravel\\framework\\src\\Illuminate\\Database\\Connection.php(398): Illuminate\\Database\\Connection->run('select count(*)...', Array, Object(Closure))
#2 C:\\Users\\Jayant Kumar Bhati\\OneDrive\\Desktop\\Car\\car-sale-backend\\vendor\\laravel\\framework\\src\\Illuminate\\Database\\Query\\Builder.php(3133): Illuminate\\Database\\Connection->select('select count(*)...', Array, true)
#3 C:\\Users\\Jayant Kumar Bhati\\OneDrive\\Desktop\\Car\\car-sale-backend\\vendor\\laravel\\framework\\src\\Illuminate\\Database\\Query\\Builder.php(3118): Illuminate\\Database\\Query\\Builder->runSelect()
#4 C:\\Users\\Jayant Kumar Bhati\\OneDrive\\Desktop\\Car\\car-sale-backend\\vendor\\laravel\\framework\\src\\Illuminate\\Database\\Query\\Builder.php(3706): Illuminate\\Database\\Query\\Builder->Illuminate\\Database\\Query\\{closure}()
#5 C:\\Users\\Jayant Kumar Bhati\\OneDrive\\Desktop\\Car\\car-sale-backend\\vendor\\laravel\\framework\\src\\Illuminate\\Database\\Query\\Builder.php(3117): Illuminate\\Database\\Query\\Builder->onceWithColumns(Array, Object(Closure))
#6 C:\\Users\\Jayant Kumar Bhati\\OneDrive\\Desktop\\Car\\car-sale-backend\\vendor\\laravel\\framework\\src\\Illuminate\\Database\\Query\\Builder.php(3312): Illuminate\\Database\\Query\\Builder->get()
#7 C:\\Users\\Jayant Kumar Bhati\\OneDrive\\Desktop\\Car\\car-sale-backend\\vendor\\laravel\\framework\\src\\Illuminate\\Database\\Query\\Builder.php(3271): Illuminate\\Database\\Query\\Builder->runPaginationCountQuery(Array)
#8 C:\\Users\\Jayant Kumar Bhati\\OneDrive\\Desktop\\Car\\car-sale-backend\\vendor\\laravel\\framework\\src\\Illuminate\\Database\\Eloquent\\Builder.php(1005): Illuminate\\Database\\Query\\Builder->getCountForPagination()
#9 C:\\Users\\Jayant Kumar Bhati\\OneDrive\\Desktop\\Car\\car-sale-backend\\app\\Http\\Controllers\\API\\CarController.php(23): Illuminate\\Database\\Eloquent\\Builder->paginate(10)
#10 C:\\Users\\Jayant Kumar Bhati\\OneDrive\\Desktop\\Car\\car-sale-backend\\vendor\\laravel\\framework\\src\\Illuminate\\Routing\\Controller.php(54): App\\Http\\Controllers\\API\\CarController->index(Object(Illuminate\\Http\\Request))
#11 C:\\Users\\Jayant Kumar Bhati\\OneDrive\\Desktop\\Car\\car-sale-backend\\vendor\\laravel\\framework\\src\\Illuminate\\Routing\\ControllerDispatcher.php(44): Illuminate\\Routing\\Controller->callAction('index', Array)
#12 C:\\Users\\Jayant Kumar Bhati\\OneDrive\\Desktop\\Car\\car-sale-backend\\vendor\\laravel\\framework\\src\\Illuminate\\Routing\\Route.php(266): Illuminate\\Routing\\ControllerDispatcher->dispatch(Object(Illuminate\\Routing\\Route), Object(App\\Http\\Controllers\\API\\CarController), 'index')
#13 C:\\Users\\Jayant Kumar Bhati\\OneDrive\\Desktop\\Car\\car-sale-backend\\vendor\\laravel\\framework\\src\\Illuminate\\Routing\\Route.php(212): Illuminate\\Routing\\Route->runController()
#14 C:\\Users\\Jayant Kumar Bhati\\OneDrive\\Desktop\\Car\\car-sale-backend\\vendor\\laravel\\framework\\src\\Illuminate\\Routing\\Router.php(808): Illuminate\\Routing\\Route->run()
#15 C:\\Users\\Jayant Kumar Bhati\\OneDrive\\Desktop\\Car\\car-sale-backend\\vendor\\laravel\\framework\\src\\Illuminate\\Pipeline\\Pipeline.php(170): Illuminate\\Routing\\Router->Illuminate\\Routing\\{closure}(Object(Illuminate\\Http\\Request))
#16 C:\\Users\\Jayant Kumar Bhati\\OneDrive\\Desktop\\Car\\car-sale-backend\\vendor\\laravel\\framework\\src\\Illuminate\\Routing\\Middleware\\SubstituteBindings.php(51): Illuminate\\Pipeline\\Pipeline->Illuminate\\Pipeline\\{closure}(Object(Illuminate\\Http\\Request))
#17 C:\\Users\\Jayant Kumar Bhati\\OneDrive\\Desktop\\Car\\car-sale-backend\\vendor\\laravel\\framework\\src\\Illuminate\\Pipeline\\Pipeline.php(209): Illuminate\\Routing\\Middleware\\SubstituteBindings->handle(Object(Illuminate\\Http\\Request), Object(Closure))
#18 C:\\Users\\Jayant Kumar Bhati\\OneDrive\\Desktop\\Car\\car-sale-backend\\vendor\\laravel\\sanctum\\src\\Http\\Middleware\\EnsureFrontendRequestsAreStateful.php(25): Illuminate\\Pipeline\\Pipeline->Illuminate\\Pipeline\\{closure}(Object(Illuminate\\Http\\Request))
#19 C:\\Users\\Jayant Kumar Bhati\\OneDrive\\Desktop\\Car\\car-sale-backend\\vendor\\laravel\\framework\\src\\Illuminate\\Pipeline\\Pipeline.php(170): Laravel\\Sanctum\\Http\\Middleware\\EnsureFrontendRequestsAreStateful->Laravel\\Sanctum\\Http\\Middleware\\{closure}(Object(Illuminate\\Http\\Request))
#20 C:\\Users\\Jayant Kumar Bhati\\OneDrive\\Desktop\\Car\\car-sale-backend\\vendor\\laravel\\framework\\src\\Illuminate\\Pipeline\\Pipeline.php(127): Illuminate\\Pipeline\\Pipeline->Illuminate\\Pipeline\\{closure}(Object(Illuminate\\Http\\Request))
#21 C:\\Users\\Jayant Kumar Bhati\\OneDrive\\Desktop\\Car\\car-sale-backend\\vendor\\laravel\\sanctum\\src\\Http\\Middleware\\EnsureFrontendRequestsAreStateful.php(24): Illuminate\\Pipeline\\Pipeline->then(Object(Closure))
#22 C:\\Users\\Jayant Kumar Bhati\\OneDrive\\Desktop\\Car\\car-sale-backend\\vendor\\laravel\\framework\\src\\Illuminate\\Pipeline\\Pipeline.php(209): Laravel\\Sanctum\\Http\\Middleware\\EnsureFrontendRequestsAreStateful->handle(Object(Illuminate\\Http\\Request), Object(Closure))
#23 C:\\Users\\Jayant Kumar Bhati\\OneDrive\\Desktop\\Car\\car-sale-backend\\vendor\\laravel\\framework\\src\\Illuminate\\Pipeline\\Pipeline.php(127): Illuminate\\Pipeline\\Pipeline->Illuminate\\Pipeline\\{closure}(Object(Illuminate\\Http\\Request))
#24 C:\\Users\\Jayant Kumar Bhati\\OneDrive\\Desktop\\Car\\car-sale-backend\\vendor\\laravel\\framework\\src\\Illuminate\\Routing\\Router.php(807): Illuminate\\Pipeline\\Pipeline->then(Object(Closure))
#25 C:\\Users\\Jayant Kumar Bhati\\OneDrive\\Desktop\\Car\\car-sale-backend\\vendor\\laravel\\framework\\src\\Illuminate\\Routing\\Router.php(786): Illuminate\\Routing\\Router->runRouteWithinStack(Object(Illuminate\\Routing\\Route), Object(Illuminate\\Http\\Request))
#26 C:\\Users\\Jayant Kumar Bhati\\OneDrive\\Desktop\\Car\\car-sale-backend\\vendor\\laravel\\framework\\src\\Illuminate\\Routing\\Router.php(750): Illuminate\\Routing\\Router->runRoute(Object(Illuminate\\Http\\Request), Object(Illuminate\\Routing\\Route))
#27 C:\\Users\\Jayant Kumar Bhati\\OneDrive\\Desktop\\Car\\car-sale-backend\\vendor\\laravel\\framework\\src\\Illuminate\\Routing\\Router.php(739): Illuminate\\Routing\\Router->dispatchToRoute(Object(Illuminate\\Http\\Request))
#28 C:\\Users\\Jayant Kumar Bhati\\OneDrive\\Desktop\\Car\\car-sale-backend\\vendor\\laravel\\framework\\src\\Illuminate\\Foundation\\Http\\Kernel.php(201): Illuminate\\Routing\\Router->dispatch(Object(Illuminate\\Http\\Request))
#29 C:\\Users\\Jayant Kumar Bhati\\OneDrive\\Desktop\\Car\\car-sale-backend\\vendor\\laravel\\framework\\src\\Illuminate\\Pipeline\\Pipeline.php(170): Illuminate\\Foundation\\Http\\Kernel->Illuminate\\Foundation\\Http\\{closure}(Object(Illuminate\\Http\\Request))
#30 C:\\Users\\Jayant Kumar Bhati\\OneDrive\\Desktop\\Car\\car-sale-backend\\vendor\\laravel\\framework\\src\\Illuminate\\Foundation\\Http\\Middleware\\TransformsRequest.php(21): Illuminate\\Pipeline\\Pipeline->Illuminate\\Pipeline\\{closure}(Object(Illuminate\\Http\\Request))
#31 C:\\Users\\Jayant Kumar Bhati\\OneDrive\\Desktop\\Car\\car-sale-backend\\vendor\\laravel\\framework\\src\\Illuminate\\Foundation\\Http\\Middleware\\ConvertEmptyStringsToNull.php(31): Illuminate\\Foundation\\Http\\Middleware\\TransformsRequest->handle(Object(Illuminate\\Http\\Request), Object(Closure))
#32 C:\\Users\\Jayant Kumar Bhati\\OneDrive\\Desktop\\Car\\car-sale-backend\\vendor\\laravel\\framework\\src\\Illuminate\\Pipeline\\Pipeline.php(209): Illuminate\\Foundation\\Http\\Middleware\\ConvertEmptyStringsToNull->handle(Object(Illuminate\\Http\\Request), Object(Closure))
#33 C:\\Users\\Jayant Kumar Bhati\\OneDrive\\Desktop\\Car\\car-sale-backend\\vendor\\laravel\\framework\\src\\Illuminate\\Foundation\\Http\\Middleware\\TransformsRequest.php(21): Illuminate\\Pipeline\\Pipeline->Illuminate\\Pipeline\\{closure}(Object(Illuminate\\Http\\Request))
#34 C:\\Users\\Jayant Kumar Bhati\\OneDrive\\Desktop\\Car\\car-sale-backend\\vendor\\laravel\\framework\\src\\Illuminate\\Foundation\\Http\\Middleware\\TrimStrings.php(51): Illuminate\\Foundation\\Http\\Middleware\\TransformsRequest->handle(Object(Illuminate\\Http\\Request), Object(Closure))
#35 C:\\Users\\Jayant Kumar Bhati\\OneDrive\\Desktop\\Car\\car-sale-backend\\vendor\\laravel\\framework\\src\\Illuminate\\Pipeline\\Pipeline.php(209): Illuminate\\Foundation\\Http\\Middleware\\TrimStrings->handle(Object(Illuminate\\Http\\Request), Object(Closure))
#36 C:\\Users\\Jayant Kumar Bhati\\OneDrive\\Desktop\\Car\\car-sale-backend\\vendor\\laravel\\framework\\src\\Illuminate\\Http\\Middleware\\ValidatePostSize.php(27): Illuminate\\Pipeline\\Pipeline->Illuminate\\Pipeline\\{closure}(Object(Illuminate\\Http\\Request))
#37 C:\\Users\\Jayant Kumar Bhati\\OneDrive\\Desktop\\Car\\car-sale-backend\\vendor\\laravel\\framework\\src\\Illuminate\\Pipeline\\Pipeline.php(209): Illuminate\\Http\\Middleware\\ValidatePostSize->handle(Object(Illuminate\\Http\\Request), Object(Closure))
#38 C:\\Users\\Jayant Kumar Bhati\\OneDrive\\Desktop\\Car\\car-sale-backend\\vendor\\laravel\\framework\\src\\Illuminate\\Foundation\\Http\\Middleware\\PreventRequestsDuringMaintenance.php(110): Illuminate\\Pipeline\\Pipeline->Illuminate\\Pipeline\\{closure}(Object(Illuminate\\Http\\Request))
#39 C:\\Users\\Jayant Kumar Bhati\\OneDrive\\Desktop\\Car\\car-sale-backend\\vendor\\laravel\\framework\\src\\Illuminate\\Pipeline\\Pipeline.php(209): Illuminate\\Foundation\\Http\\Middleware\\PreventRequestsDuringMaintenance->handle(Object(Illuminate\\Http\\Request), Object(Closure))
#40 C:\\Users\\Jayant Kumar Bhati\\OneDrive\\Desktop\\Car\\car-sale-backend\\vendor\\laravel\\framework\\src\\Illuminate\\Http\\Middleware\\HandleCors.php(62): Illuminate\\Pipeline\\Pipeline->Illuminate\\Pipeline\\{closure}(Object(Illuminate\\Http\\Request))
#41 C:\\Users\\Jayant Kumar Bhati\\OneDrive\\Desktop\\Car\\car-sale-backend\\vendor\\laravel\\framework\\src\\Illuminate\\Pipeline\\Pipeline.php(209): Illuminate\\Http\\Middleware\\HandleCors->handle(Object(Illuminate\\Http\\Request), Object(Closure))
#42 C:\\Users\\Jayant Kumar Bhati\\OneDrive\\Desktop\\Car\\car-sale-backend\\vendor\\laravel\\framework\\src\\Illuminate\\Http\\Middleware\\TrustProxies.php(58): Illuminate\\Pipeline\\Pipeline->Illuminate\\Pipeline\\{closure}(Object(Illuminate\\Http\\Request))
#43 C:\\Users\\Jayant Kumar Bhati\\OneDrive\\Desktop\\Car\\car-sale-backend\\vendor\\laravel\\framework\\src\\Illuminate\\Pipeline\\Pipeline.php(209): Illuminate\\Http\\Middleware\\TrustProxies->handle(Object(Illuminate\\Http\\Request), Object(Closure))
#44 C:\\Users\\Jayant Kumar Bhati\\OneDrive\\Desktop\\Car\\car-sale-backend\\vendor\\laravel\\framework\\src\\Illuminate\\Foundation\\Http\\Middleware\\InvokeDeferredCallbacks.php(22): Illuminate\\Pipeline\\Pipeline->Illuminate\\Pipeline\\{closure}(Object(Illuminate\\Http\\Request))
#45 C:\\Users\\Jayant Kumar Bhati\\OneDrive\\Desktop\\Car\\car-sale-backend\\vendor\\laravel\\framework\\src\\Illuminate\\Pipeline\\Pipeline.php(209): Illuminate\\Foundation\\Http\\Middleware\\InvokeDeferredCallbacks->handle(Object(Illuminate\\Http\\Request), Object(Closure))
#46 C:\\Users\\Jayant Kumar Bhati\\OneDrive\\Desktop\\Car\\car-sale-backend\\vendor\\laravel\\framework\\src\\Illuminate\\Pipeline\\Pipeline.php(127): Illuminate\\Pipeline\\Pipeline->Illuminate\\Pipeline\\{closure}(Object(Illuminate\\Http\\Request))
#47 C:\\Users\\Jayant Kumar Bhati\\OneDrive\\Desktop\\Car\\car-sale-backend\\vendor\\laravel\\framework\\src\\Illuminate\\Foundation\\Http\\Kernel.php(176): Illuminate\\Pipeline\\Pipeline->then(Object(Closure))
#48 C:\\Users\\Jayant Kumar Bhati\\OneDrive\\Desktop\\Car\\car-sale-backend\\vendor\\laravel\\framework\\src\\Illuminate\\Foundation\\Http\\Kernel.php(145): Illuminate\\Foundation\\Http\\Kernel->sendRequestThroughRouter(Object(Illuminate\\Http\\Request))
#49 C:\\Users\\Jayant Kumar Bhati\\OneDrive\\Desktop\\Car\\car-sale-backend\\vendor\\laravel\\framework\\src\\Illuminate\\Foundation\\Application.php(1193): Illuminate\\Foundation\\Http\\Kernel->handle(Object(Illuminate\\Http\\Request))
#50 C:\\Users\\Jayant Kumar Bhati\\OneDrive\\Desktop\\Car\\car-sale-backend\\public\\index.php(17): Illuminate\\Foundation\\Application->handleRequest(Object(Illuminate\\Http\\Request))
#51 C:\\Users\\Jayant Kumar Bhati\\OneDrive\\Desktop\\Car\\car-sale-backend\\vendor\\laravel\\framework\\src\\Illuminate\\Foundation\\resources\\server.php(23): require_once('C:\\\\Users\\\\Jayant...')
#52 {main}

[previous exception] [object] (PDOException(code: 42703): SQLSTATE[42703]: Undefined column: 7 ERROR:  column \"features\" does not exist
LINE 1: ...m \"cars\" where \"year\" >= $1 and \"year\" <= $2 and (\"features\"...
                                                             ^ at C:\\Users\\Jayant Kumar Bhati\\OneDrive\\Desktop\\Car\\car-sale-backend\\vendor\\laravel\\framework\\src\\Illuminate\\Database\\Connection.php:412)
[stacktrace]
#0 C:\\Users\\Jayant Kumar Bhati\\OneDrive\\Desktop\\Car\\car-sale-backend\\vendor\\laravel\\framework\\src\\Illuminate\\Database\\Connection.php(412): PDOStatement->execute()
#1 C:\\Users\\Jayant Kumar Bhati\\OneDrive\\Desktop\\Car\\car-sale-backend\\vendor\\laravel\\framework\\src\\Illuminate\\Database\\Connection.php(812): Illuminate\\Database\\Connection->Illuminate\\Database\\{closure}('select count(*)...', Array)
#2 C:\\Users\\Jayant Kumar Bhati\\OneDrive\\Desktop\\Car\\car-sale-backend\\vendor\\laravel\\framework\\src\\Illuminate\\Database\\Connection.php(779): Illuminate\\Database\\Connection->runQueryCallback('select count(*)...', Array, Object(Closure))
#3 C:\\Users\\Jayant Kumar Bhati\\OneDrive\\Desktop\\Car\\car-sale-backend\\vendor\\laravel\\framework\\src\\Illuminate\\Database\\Connection.php(398): Illuminate\\Database\\Connection->run('select count(*)...', Array, Object(Closure))
#4 C:\\Users\\Jayant Kumar Bhati\\OneDrive\\Desktop\\Car\\car-sale-backend\\vendor\\laravel\\framework\\src\\Illuminate\\Database\\Query\\Builder.php(3133): Illuminate\\Database\\Connection->select('select count(*)...', Array, true)
#5 C:\\Users\\Jayant Kumar Bhati\\OneDrive\\Desktop\\Car\\car-sale-backend\\vendor\\laravel\\framework\\src\\Illuminate\\Database\\Query\\Builder.php(3118): Illuminate\\Database\\Query\\Builder->runSelect()
#6 C:\\Users\\Jayant Kumar Bhati\\OneDrive\\Desktop\\Car\\car-sale-backend\\vendor\\laravel\\framework\\src\\Illuminate\\Database\\Query\\Builder.php(3706): Illuminate\\Database\\Query\\Builder->Illuminate\\Database\\Query\\{closure}()
#7 C:\\Users\\Jayant Kumar Bhati\\OneDrive\\Desktop\\Car\\car-sale-backend\\vendor\\laravel\\framework\\src\\Illuminate\\Database\\Query\\Builder.php(3117): Illuminate\\Database\\Query\\Builder->onceWithColumns(Array, Object(Closure))
#8 C:\\Users\\Jayant Kumar Bhati\\OneDrive\\Desktop\\Car\\car-sale-backend\\vendor\\laravel\\framework\\src\\Illuminate\\Database\\Query\\Builder.php(3312): Illuminate\\Database\\Query\\Builder->get()
#9 C:\\Users\\Jayant Kumar Bhati\\OneDrive\\Desktop\\Car\\car-sale-backend\\vendor\\laravel\\framework\\src\\Illuminate\\Database\\Query\\Builder.php(3271): Illuminate\\Database\\Query\\Builder->runPaginationCountQuery(Array)
#10 C:\\Users\\Jayant Kumar Bhati\\OneDrive\\Desktop\\Car\\car-sale-backend\\vendor\\laravel\\framework\\src\\Illuminate\\Database\\Eloquent\\Builder.php(1005): Illuminate\\Database\\Query\\Builder->getCountForPagination()
#11 C:\\Users\\Jayant Kumar Bhati\\OneDrive\\Desktop\\Car\\car-sale-backend\\app\\Http\\Controllers\\API\\CarController.php(23): Illuminate\\Database\\Eloquent\\Builder->paginate(10)
#12 C:\\Users\\Jayant Kumar Bhati\\OneDrive\\Desktop\\Car\\car-sale-backend\\vendor\\laravel\\framework\\src\\Illuminate\\Routing\\Controller.php(54): App\\Http\\Controllers\\API\\CarController->index(Object(Illuminate\\Http\\Request))
#13 C:\\Users\\Jayant Kumar Bhati\\OneDrive\\Desktop\\Car\\car-sale-backend\\vendor\\laravel\\framework\\src\\Illuminate\\Routing\\ControllerDispatcher.php(44): Illuminate\\Routing\\Controller->callAction('index', Array)
#14 C:\\Users\\Jayant Kumar Bhati\\OneDrive\\Desktop\\Car\\car-sale-backend\\vendor\\laravel\\framework\\src\\Illuminate\\Routing\\Route.php(266): Illuminate\\Routing\\ControllerDispatcher->dispatch(Object(Illuminate\\Routing\\Route), Object(App\\Http\\Controllers\\API\\CarController), 'index')
#15 C:\\Users\\Jayant Kumar Bhati\\OneDrive\\Desktop\\Car\\car-sale-backend\\vendor\\laravel\\framework\\src\\Illuminate\\Routing\\Route.php(212): Illuminate\\Routing\\Route->runController()
#16 C:\\Users\\Jayant Kumar Bhati\\OneDrive\\Desktop\\Car\\car-sale-backend\\vendor\\laravel\\framework\\src\\Illuminate\\Routing\\Router.php(808): Illuminate\\Routing\\Route->run()
#17 C:\\Users\\Jayant Kumar Bhati\\OneDrive\\Desktop\\Car\\car-sale-backend\\vendor\\laravel\\framework\\src\\Illuminate\\Pipeline\\Pipeline.php(170): Illuminate\\Routing\\Router->Illuminate\\Routing\\{closure}(Object(Illuminate\\Http\\Request))
#18 C:\\Users\\Jayant Kumar Bhati\\OneDrive\\Desktop\\Car\\car-sale-backend\\vendor\\laravel\\framework\\src\\Illuminate\\Routing\\Middleware\\SubstituteBindings.php(51): Illuminate\\Pipeline\\Pipeline->Illuminate\\Pipeline\\{closure}(Object(Illuminate\\Http\\Request))
#19 C:\\Users\\Jayant Kumar Bhati\\OneDrive\\Desktop\\Car\\car-sale-backend\\vendor\\laravel\\framework\\src\\Illuminate\\Pipeline\\Pipeline.php(209): Illuminate\\Routing\\Middleware\\SubstituteBindings->handle(Object(Illuminate\\Http\\Request), Object(Closure))
#20 C:\\Users\\Jayant Kumar Bhati\\OneDrive\\Desktop\\Car\\car-sale-backend\\vendor\\laravel\\sanctum\\src\\Http\\Middleware\\EnsureFrontendRequestsAreStateful.php(25): Illuminate\\Pipeline\\Pipeline->Illuminate\\Pipeline\\{closure}(Object(Illuminate\\Http\\Request))
#21 C:\\Users\\Jayant Kumar Bhati\\OneDrive\\Desktop\\Car\\car-sale-backend\\vendor\\laravel\\framework\\src\\Illuminate\\Pipeline\\Pipeline.php(170): Laravel\\Sanctum\\Http\\Middleware\\EnsureFrontendRequestsAreStateful->Laravel\\Sanctum\\Http\\Middleware\\{closure}(Object(Illuminate\\Http\\Request))
#22 C:\\Users\\Jayant Kumar Bhati\\OneDrive\\Desktop\\Car\\car-sale-backend\\vendor\\laravel\\framework\\src\\Illuminate\\Pipeline\\Pipeline.php(127): Illuminate\\Pipeline\\Pipeline->Illuminate\\Pipeline\\{closure}(Object(Illuminate\\Http\\Request))
#23 C:\\Users\\Jayant Kumar Bhati\\OneDrive\\Desktop\\Car\\car-sale-backend\\vendor\\laravel\\sanctum\\src\\Http\\Middleware\\EnsureFrontendRequestsAreStateful.php(24): Illuminate\\Pipeline\\Pipeline->then(Object(Closure))
#24 C:\\Users\\Jayant Kumar Bhati\\OneDrive\\Desktop\\Car\\car-sale-backend\\vendor\\laravel\\framework\\src\\Illuminate\\Pipeline\\Pipeline.php(209): Laravel\\Sanctum\\Http\\Middleware\\EnsureFrontendRequestsAreStateful->handle(Object(Illuminate\\Http\\Request), Object(Closure))
#25 C:\\Users\\Jayant Kumar Bhati\\OneDrive\\Desktop\\Car\\car-sale-backend\\vendor\\laravel\\framework\\src\\Illuminate\\Pipeline\\Pipeline.php(127): Illuminate\\Pipeline\\Pipeline->Illuminate\\Pipeline\\{closure}(Object(Illuminate\\Http\\Request))
#26 C:\\Users\\Jayant Kumar Bhati\\OneDrive\\Desktop\\Car\\car-sale-backend\\vendor\\laravel\\framework\\src\\Illuminate\\Routing\\Router.php(807): Illuminate\\Pipeline\\Pipeline->then(Object(Closure))
#27 C:\\Users\\Jayant Kumar Bhati\\OneDrive\\Desktop\\Car\\car-sale-backend\\vendor\\laravel\\framework\\src\\Illuminate\\Routing\\Router.php(786): Illuminate\\Routing\\Router->runRouteWithinStack(Object(Illuminate\\Routing\\Route), Object(Illuminate\\Http\\Request))
#28 C:\\Users\\Jayant Kumar Bhati\\OneDrive\\Desktop\\Car\\car-sale-backend\\vendor\\laravel\\framework\\src\\Illuminate\\Routing\\Router.php(750): Illuminate\\Routing\\Router->runRoute(Object(Illuminate\\Http\\Request), Object(Illuminate\\Routing\\Route))
#29 C:\\Users\\Jayant Kumar Bhati\\OneDrive\\Desktop\\Car\\car-sale-backend\\vendor\\laravel\\framework\\src\\Illuminate\\Routing\\Router.php(739): Illuminate\\Routing\\Router->dispatchToRoute(Object(Illuminate\\Http\\Request))
#30 C:\\Users\\Jayant Kumar Bhati\\OneDrive\\Desktop\\Car\\car-sale-backend\\vendor\\laravel\\framework\\src\\Illuminate\\Foundation\\Http\\Kernel.php(201): Illuminate\\Routing\\Router->dispatch(Object(Illuminate\\Http\\Request))
#31 C:\\Users\\Jayant Kumar Bhati\\OneDrive\\Desktop\\Car\\car-sale-backend\\vendor\\laravel\\framework\\src\\Illuminate\\Pipeline\\Pipeline.php(170): Illuminate\\Foundation\\Http\\Kernel->Illuminate\\Foundation\\Http\\{closure}(Object(Illuminate\\Http\\Request))
#32 C:\\Users\\Jayant Kumar Bhati\\OneDrive\\Desktop\\Car\\car-sale-backend\\vendor\\laravel\\framework\\src\\Illuminate\\Foundation\\Http\\Middleware\\TransformsRequest.php(21): Illuminate\\Pipeline\\Pipeline->Illuminate\\Pipeline\\{closure}(Object(Illuminate\\Http\\Request))
#33 C:\\Users\\Jayant Kumar Bhati\\OneDrive\\Desktop\\Car\\car-sale-backend\\vendor\\laravel\\framework\\src\\Illuminate\\Foundation\\Http\\Middleware\\ConvertEmptyStringsToNull.php(31): Illuminate\\Foundation\\Http\\Middleware\\TransformsRequest->handle(Object(Illuminate\\Http\\Request), Object(Closure))
#34 C:\\Users\\Jayant Kumar Bhati\\OneDrive\\Desktop\\Car\\car-sale-backend\\vendor\\laravel\\framework\\src\\Illuminate\\Pipeline\\Pipeline.php(209): Illuminate\\Foundation\\Http\\Middleware\\ConvertEmptyStringsToNull->handle(Object(Illuminate\\Http\\Request), Object(Closure))
#35 C:\\Users\\Jayant Kumar Bhati\\OneDrive\\Desktop\\Car\\car-sale-backend\\vendor\\laravel\\framework\\src\\Illuminate\\Foundation\\Http\\Middleware\\TransformsRequest.php(21): Illuminate\\Pipeline\\Pipeline->Illuminate\\Pipeline\\{closure}(Object(Illuminate\\Http\\Request))
#36 C:\\Users\\Jayant Kumar Bhati\\OneDrive\\Desktop\\Car\\car-sale-backend\\vendor\\laravel\\framework\\src\\Illuminate\\Foundation\\Http\\Middleware\\TrimStrings.php(51): Illuminate\\Foundation\\Http\\Middleware\\TransformsRequest->handle(Object(Illuminate\\Http\\Request), Object(Closure))
#37 C:\\Users\\Jayant Kumar Bhati\\OneDrive\\Desktop\\Car\\car-sale-backend\\vendor\\laravel\\framework\\src\\Illuminate\\Pipeline\\Pipeline.php(209): Illuminate\\Foundation\\Http\\Middleware\\TrimStrings->handle(Object(Illuminate\\Http\\Request), Object(Closure))
#38 C:\\Users\\Jayant Kumar Bhati\\OneDrive\\Desktop\\Car\\car-sale-backend\\vendor\\laravel\\framework\\src\\Illuminate\\Http\\Middleware\\ValidatePostSize.php(27): Illuminate\\Pipeline\\Pipeline->Illuminate\\Pipeline\\{closure}(Object(Illuminate\\Http\\Request))
#39 C:\\Users\\Jayant Kumar Bhati\\OneDrive\\Desktop\\Car\\car-sale-backend\\vendor\\laravel\\framework\\src\\Illuminate\\Pipeline\\Pipeline.php(209): Illuminate\\Http\\Middleware\\ValidatePostSize->handle(Object(Illuminate\\Http\\Request), Object(Closure))
#40 C:\\Users\\Jayant Kumar Bhati\\OneDrive\\Desktop\\Car\\car-sale-backend\\vendor\\laravel\\framework\\src\\Illuminate\\Foundation\\Http\\Middleware\\PreventRequestsDuringMaintenance.php(110): Illuminate\\Pipeline\\Pipeline->Illuminate\\Pipeline\\{closure}(Object(Illuminate\\Http\\Request))
#41 C:\\Users\\Jayant Kumar Bhati\\OneDrive\\Desktop\\Car\\car-sale-backend\\vendor\\laravel\\framework\\src\\Illuminate\\Pipeline\\Pipeline.php(209): Illuminate\\Foundation\\Http\\Middleware\\PreventRequestsDuringMaintenance->handle(Object(Illuminate\\Http\\Request), Object(Closure))
#42 C:\\Users\\Jayant Kumar Bhati\\OneDrive\\Desktop\\Car\\car-sale-backend\\vendor\\laravel\\framework\\src\\Illuminate\\Http\\Middleware\\HandleCors.php(62): Illuminate\\Pipeline\\Pipeline->Illuminate\\Pipeline\\{closure}(Object(Illuminate\\Http\\Request))
#43 C:\\Users\\Jayant Kumar Bhati\\OneDrive\\Desktop\\Car\\car-sale-backend\\vendor\\laravel\\framework\\src\\Illuminate\\Pipeline\\Pipeline.php(209): Illuminate\\Http\\Middleware\\HandleCors->handle(Object(Illuminate\\Http\\Request), Object(Closure))
#44 C:\\Users\\Jayant Kumar Bhati\\OneDrive\\Desktop\\Car\\car-sale-backend\\vendor\\laravel\\framework\\src\\Illuminate\\Http\\Middleware\\TrustProxies.php(58): Illuminate\\Pipeline\\Pipeline->Illuminate\\Pipeline\\{closure}(Object(Illuminate\\Http\\Request))
#45 C:\\Users\\Jayant Kumar Bhati\\OneDrive\\Desktop\\Car\\car-sale-backend\\vendor\\laravel\\framework\\src\\Illuminate\\Pipeline\\Pipeline.php(209): Illuminate\\Http\\Middleware\\TrustProxies->handle(Object(Illuminate\\Http\\Request), Object(Closure))
#46 C:\\Users\\Jayant Kumar Bhati\\OneDrive\\Desktop\\Car\\car-sale-backend\\vendor\\laravel\\framework\\src\\Illuminate\\Foundation\\Http\\Middleware\\InvokeDeferredCallbacks.php(22): Illuminate\\Pipeline\\Pipeline->Illuminate\\Pipeline\\{closure}(Object(Illuminate\\Http\\Request))
#47 C:\\Users\\Jayant Kumar Bhati\\OneDrive\\Desktop\\Car\\car-sale-backend\\vendor\\laravel\\framework\\src\\Illuminate\\Pipeline\\Pipeline.php(209): Illuminate\\Foundation\\Http\\Middleware\\InvokeDeferredCallbacks->handle(Object(Illuminate\\Http\\Request), Object(Closure))
#48 C:\\Users\\Jayant Kumar Bhati\\OneDrive\\Desktop\\Car\\car-sale-backend\\vendor\\laravel\\framework\\src\\Illuminate\\Pipeline\\Pipeline.php(127): Illuminate\\Pipeline\\Pipeline->Illuminate\\Pipeline\\{closure}(Object(Illuminate\\Http\\Request))
#49 C:\\Users\\Jayant Kumar Bhati\\OneDrive\\Desktop\\Car\\car-sale-backend\\vendor\\laravel\\framework\\src\\Illuminate\\Foundation\\Http\\Kernel.php(176): Illuminate\\Pipeline\\Pipeline->then(Object(Closure))
#50 C:\\Users\\Jayant Kumar Bhati\\OneDrive\\Desktop\\Car\\car-sale-backend\\vendor\\laravel\\framework\\src\\Illuminate\\Foundation\\Http\\Kernel.php(145): Illuminate\\Foundation\\Http\\Kernel->sendRequestThroughRouter(Object(Illuminate\\Http\\Request))
#51 C:\\Users\\Jayant Kumar Bhati\\OneDrive\\Desktop\\Car\\car-sale-backend\\vendor\\laravel\\framework\\src\\Illuminate\\Foundation\\Application.php(1193): Illuminate\\Foundation\\Http\\Kernel->handle(Object(Illuminate\\Http\\Request))
#52 C:\\Users\\Jayant Kumar Bhati\\OneDrive\\Desktop\\Car\\car-sale-backend\\public\\index.php(17): Illuminate\\Foundation\\Application->handleRequest(Object(Illuminate\\Http\\Request))
#53 C:\\Users\\Jayant Kumar Bhati\\OneDrive\\Desktop\\Car\\car-sale-backend\\vendor\\laravel\\framework\\src\\Illuminate\\Foundation\\resources\\server.php(23): require_once('C:\\\\Users\\\\Jayant...')
#54 {main}
"} 
[2025-02-15 14:01:14] local.ERROR: foreach() argument must be of type array|object, string given {"exception":"[object] (ErrorException(code: 0): foreach() argument must be of type array|object, string given at C:\\Users\\Jayant Kumar Bhati\\OneDrive\\Desktop\\Car\\car-sale-backend\\app\\Models\\Car.php:82)
[stacktrace]
#0 C:\\Users\\Jayant Kumar Bhati\\OneDrive\\Desktop\\Car\\car-sale-backend\\vendor\\laravel\\framework\\src\\Illuminate\\Foundation\\Bootstrap\\HandleExceptions.php(290): Illuminate\\Foundation\\Bootstrap\\HandleExceptions->handleError(2, 'foreach() argum...', 'C:\\\\Users\\\\Jayant...', 82)
#1 C:\\Users\\Jayant Kumar Bhati\\OneDrive\\Desktop\\Car\\car-sale-backend\\app\\Models\\Car.php(82): Illuminate\\Foundation\\Bootstrap\\HandleExceptions->Illuminate\\Foundation\\Bootstrap\\{closure}(2, 'foreach() argum...', 'C:\\\\Users\\\\Jayant...', 82)
#2 C:\\Users\\Jayant Kumar Bhati\\OneDrive\\Desktop\\Car\\car-sale-backend\\vendor\\laravel\\framework\\src\\Illuminate\\Conditionable\\Traits\\Conditionable.php(34): App\\Models\\Car->App\\Models\\{closure}(Object(Illuminate\\Database\\Eloquent\\Builder), 'ABS')
#3 C:\\Users\\Jayant Kumar Bhati\\OneDrive\\Desktop\\Car\\car-sale-backend\\app\\Models\\Car.php(81): Illuminate\\Database\\Eloquent\\Builder->when('ABS', Object(Closure))
#4 C:\\Users\\Jayant Kumar Bhati\\OneDrive\\Desktop\\Car\\car-sale-backend\\vendor\\laravel\\framework\\src\\Illuminate\\Database\\Eloquent\\Model.php(1654): App\\Models\\Car->scopeFilter(Object(Illuminate\\Database\\Eloquent\\Builder), Array)
#5 C:\\Users\\Jayant Kumar Bhati\\OneDrive\\Desktop\\Car\\car-sale-backend\\vendor\\laravel\\framework\\src\\Illuminate\\Database\\Eloquent\\Builder.php(1508): Illuminate\\Database\\Eloquent\\Model->callNamedScope('filter', Array)
#6 C:\\Users\\Jayant Kumar Bhati\\OneDrive\\Desktop\\Car\\car-sale-backend\\vendor\\laravel\\framework\\src\\Illuminate\\Database\\Eloquent\\Builder.php(1489): Illuminate\\Database\\Eloquent\\Builder->Illuminate\\Database\\Eloquent\\{closure}(Object(Illuminate\\Database\\Eloquent\\Builder), Array)
#7 C:\\Users\\Jayant Kumar Bhati\\OneDrive\\Desktop\\Car\\car-sale-backend\\vendor\\laravel\\framework\\src\\Illuminate\\Database\\Eloquent\\Builder.php(1507): Illuminate\\Database\\Eloquent\\Builder->callScope(Object(Closure), Array)
#8 C:\\Users\\Jayant Kumar Bhati\\OneDrive\\Desktop\\Car\\car-sale-backend\\vendor\\laravel\\framework\\src\\Illuminate\\Database\\Eloquent\\Builder.php(2095): Illuminate\\Database\\Eloquent\\Builder->callNamedScope('filter', Array)
#9 C:\\Users\\Jayant Kumar Bhati\\OneDrive\\Desktop\\Car\\car-sale-backend\\app\\Http\\Controllers\\API\\CarController.php(22): Illuminate\\Database\\Eloquent\\Builder->__call('filter', Array)
#10 C:\\Users\\Jayant Kumar Bhati\\OneDrive\\Desktop\\Car\\car-sale-backend\\vendor\\laravel\\framework\\src\\Illuminate\\Routing\\Controller.php(54): App\\Http\\Controllers\\API\\CarController->index(Object(Illuminate\\Http\\Request))
#11 C:\\Users\\Jayant Kumar Bhati\\OneDrive\\Desktop\\Car\\car-sale-backend\\vendor\\laravel\\framework\\src\\Illuminate\\Routing\\ControllerDispatcher.php(44): Illuminate\\Routing\\Controller->callAction('index', Array)
#12 C:\\Users\\Jayant Kumar Bhati\\OneDrive\\Desktop\\Car\\car-sale-backend\\vendor\\laravel\\framework\\src\\Illuminate\\Routing\\Route.php(266): Illuminate\\Routing\\ControllerDispatcher->dispatch(Object(Illuminate\\Routing\\Route), Object(App\\Http\\Controllers\\API\\CarController), 'index')
#13 C:\\Users\\Jayant Kumar Bhati\\OneDrive\\Desktop\\Car\\car-sale-backend\\vendor\\laravel\\framework\\src\\Illuminate\\Routing\\Route.php(212): Illuminate\\Routing\\Route->runController()
#14 C:\\Users\\Jayant Kumar Bhati\\OneDrive\\Desktop\\Car\\car-sale-backend\\vendor\\laravel\\framework\\src\\Illuminate\\Routing\\Router.php(808): Illuminate\\Routing\\Route->run()
#15 C:\\Users\\Jayant Kumar Bhati\\OneDrive\\Desktop\\Car\\car-sale-backend\\vendor\\laravel\\framework\\src\\Illuminate\\Pipeline\\Pipeline.php(170): Illuminate\\Routing\\Router->Illuminate\\Routing\\{closure}(Object(Illuminate\\Http\\Request))
#16 C:\\Users\\Jayant Kumar Bhati\\OneDrive\\Desktop\\Car\\car-sale-backend\\vendor\\laravel\\framework\\src\\Illuminate\\Routing\\Middleware\\SubstituteBindings.php(51): Illuminate\\Pipeline\\Pipeline->Illuminate\\Pipeline\\{closure}(Object(Illuminate\\Http\\Request))
#17 C:\\Users\\Jayant Kumar Bhati\\OneDrive\\Desktop\\Car\\car-sale-backend\\vendor\\laravel\\framework\\src\\Illuminate\\Pipeline\\Pipeline.php(209): Illuminate\\Routing\\Middleware\\SubstituteBindings->handle(Object(Illuminate\\Http\\Request), Object(Closure))
#18 C:\\Users\\Jayant Kumar Bhati\\OneDrive\\Desktop\\Car\\car-sale-backend\\vendor\\laravel\\sanctum\\src\\Http\\Middleware\\EnsureFrontendRequestsAreStateful.php(25): Illuminate\\Pipeline\\Pipeline->Illuminate\\Pipeline\\{closure}(Object(Illuminate\\Http\\Request))
#19 C:\\Users\\Jayant Kumar Bhati\\OneDrive\\Desktop\\Car\\car-sale-backend\\vendor\\laravel\\framework\\src\\Illuminate\\Pipeline\\Pipeline.php(170): Laravel\\Sanctum\\Http\\Middleware\\EnsureFrontendRequestsAreStateful->Laravel\\Sanctum\\Http\\Middleware\\{closure}(Object(Illuminate\\Http\\Request))
#20 C:\\Users\\Jayant Kumar Bhati\\OneDrive\\Desktop\\Car\\car-sale-backend\\vendor\\laravel\\framework\\src\\Illuminate\\Pipeline\\Pipeline.php(127): Illuminate\\Pipeline\\Pipeline->Illuminate\\Pipeline\\{closure}(Object(Illuminate\\Http\\Request))
#21 C:\\Users\\Jayant Kumar Bhati\\OneDrive\\Desktop\\Car\\car-sale-backend\\vendor\\laravel\\sanctum\\src\\Http\\Middleware\\EnsureFrontendRequestsAreStateful.php(24): Illuminate\\Pipeline\\Pipeline->then(Object(Closure))
#22 C:\\Users\\Jayant Kumar Bhati\\OneDrive\\Desktop\\Car\\car-sale-backend\\vendor\\laravel\\framework\\src\\Illuminate\\Pipeline\\Pipeline.php(209): Laravel\\Sanctum\\Http\\Middleware\\EnsureFrontendRequestsAreStateful->handle(Object(Illuminate\\Http\\Request), Object(Closure))
#23 C:\\Users\\Jayant Kumar Bhati\\OneDrive\\Desktop\\Car\\car-sale-backend\\vendor\\laravel\\framework\\src\\Illuminate\\Pipeline\\Pipeline.php(127): Illuminate\\Pipeline\\Pipeline->Illuminate\\Pipeline\\{closure}(Object(Illuminate\\Http\\Request))
#24 C:\\Users\\Jayant Kumar Bhati\\OneDrive\\Desktop\\Car\\car-sale-backend\\vendor\\laravel\\framework\\src\\Illuminate\\Routing\\Router.php(807): Illuminate\\Pipeline\\Pipeline->then(Object(Closure))
#25 C:\\Users\\Jayant Kumar Bhati\\OneDrive\\Desktop\\Car\\car-sale-backend\\vendor\\laravel\\framework\\src\\Illuminate\\Routing\\Router.php(786): Illuminate\\Routing\\Router->runRouteWithinStack(Object(Illuminate\\Routing\\Route), Object(Illuminate\\Http\\Request))
#26 C:\\Users\\Jayant Kumar Bhati\\OneDrive\\Desktop\\Car\\car-sale-backend\\vendor\\laravel\\framework\\src\\Illuminate\\Routing\\Router.php(750): Illuminate\\Routing\\Router->runRoute(Object(Illuminate\\Http\\Request), Object(Illuminate\\Routing\\Route))
#27 C:\\Users\\Jayant Kumar Bhati\\OneDrive\\Desktop\\Car\\car-sale-backend\\vendor\\laravel\\framework\\src\\Illuminate\\Routing\\Router.php(739): Illuminate\\Routing\\Router->dispatchToRoute(Object(Illuminate\\Http\\Request))
#28 C:\\Users\\Jayant Kumar Bhati\\OneDrive\\Desktop\\Car\\car-sale-backend\\vendor\\laravel\\framework\\src\\Illuminate\\Foundation\\Http\\Kernel.php(201): Illuminate\\Routing\\Router->dispatch(Object(Illuminate\\Http\\Request))
#29 C:\\Users\\Jayant Kumar Bhati\\OneDrive\\Desktop\\Car\\car-sale-backend\\vendor\\laravel\\framework\\src\\Illuminate\\Pipeline\\Pipeline.php(170): Illuminate\\Foundation\\Http\\Kernel->Illuminate\\Foundation\\Http\\{closure}(Object(Illuminate\\Http\\Request))
#30 C:\\Users\\Jayant Kumar Bhati\\OneDrive\\Desktop\\Car\\car-sale-backend\\vendor\\laravel\\framework\\src\\Illuminate\\Foundation\\Http\\Middleware\\TransformsRequest.php(21): Illuminate\\Pipeline\\Pipeline->Illuminate\\Pipeline\\{closure}(Object(Illuminate\\Http\\Request))
#31 C:\\Users\\Jayant Kumar Bhati\\OneDrive\\Desktop\\Car\\car-sale-backend\\vendor\\laravel\\framework\\src\\Illuminate\\Foundation\\Http\\Middleware\\ConvertEmptyStringsToNull.php(31): Illuminate\\Foundation\\Http\\Middleware\\TransformsRequest->handle(Object(Illuminate\\Http\\Request), Object(Closure))
#32 C:\\Users\\Jayant Kumar Bhati\\OneDrive\\Desktop\\Car\\car-sale-backend\\vendor\\laravel\\framework\\src\\Illuminate\\Pipeline\\Pipeline.php(209): Illuminate\\Foundation\\Http\\Middleware\\ConvertEmptyStringsToNull->handle(Object(Illuminate\\Http\\Request), Object(Closure))
#33 C:\\Users\\Jayant Kumar Bhati\\OneDrive\\Desktop\\Car\\car-sale-backend\\vendor\\laravel\\framework\\src\\Illuminate\\Foundation\\Http\\Middleware\\TransformsRequest.php(21): Illuminate\\Pipeline\\Pipeline->Illuminate\\Pipeline\\{closure}(Object(Illuminate\\Http\\Request))
#34 C:\\Users\\Jayant Kumar Bhati\\OneDrive\\Desktop\\Car\\car-sale-backend\\vendor\\laravel\\framework\\src\\Illuminate\\Foundation\\Http\\Middleware\\TrimStrings.php(51): Illuminate\\Foundation\\Http\\Middleware\\TransformsRequest->handle(Object(Illuminate\\Http\\Request), Object(Closure))
#35 C:\\Users\\Jayant Kumar Bhati\\OneDrive\\Desktop\\Car\\car-sale-backend\\vendor\\laravel\\framework\\src\\Illuminate\\Pipeline\\Pipeline.php(209): Illuminate\\Foundation\\Http\\Middleware\\TrimStrings->handle(Object(Illuminate\\Http\\Request), Object(Closure))
#36 C:\\Users\\Jayant Kumar Bhati\\OneDrive\\Desktop\\Car\\car-sale-backend\\vendor\\laravel\\framework\\src\\Illuminate\\Http\\Middleware\\ValidatePostSize.php(27): Illuminate\\Pipeline\\Pipeline->Illuminate\\Pipeline\\{closure}(Object(Illuminate\\Http\\Request))
#37 C:\\Users\\Jayant Kumar Bhati\\OneDrive\\Desktop\\Car\\car-sale-backend\\vendor\\laravel\\framework\\src\\Illuminate\\Pipeline\\Pipeline.php(209): Illuminate\\Http\\Middleware\\ValidatePostSize->handle(Object(Illuminate\\Http\\Request), Object(Closure))
#38 C:\\Users\\Jayant Kumar Bhati\\OneDrive\\Desktop\\Car\\car-sale-backend\\vendor\\laravel\\framework\\src\\Illuminate\\Foundation\\Http\\Middleware\\PreventRequestsDuringMaintenance.php(110): Illuminate\\Pipeline\\Pipeline->Illuminate\\Pipeline\\{closure}(Object(Illuminate\\Http\\Request))
#39 C:\\Users\\Jayant Kumar Bhati\\OneDrive\\Desktop\\Car\\car-sale-backend\\vendor\\laravel\\framework\\src\\Illuminate\\Pipeline\\Pipeline.php(209): Illuminate\\Foundation\\Http\\Middleware\\PreventRequestsDuringMaintenance->handle(Object(Illuminate\\Http\\Request), Object(Closure))
#40 C:\\Users\\Jayant Kumar Bhati\\OneDrive\\Desktop\\Car\\car-sale-backend\\vendor\\laravel\\framework\\src\\Illuminate\\Http\\Middleware\\HandleCors.php(62): Illuminate\\Pipeline\\Pipeline->Illuminate\\Pipeline\\{closure}(Object(Illuminate\\Http\\Request))
#41 C:\\Users\\Jayant Kumar Bhati\\OneDrive\\Desktop\\Car\\car-sale-backend\\vendor\\laravel\\framework\\src\\Illuminate\\Pipeline\\Pipeline.php(209): Illuminate\\Http\\Middleware\\HandleCors->handle(Object(Illuminate\\Http\\Request), Object(Closure))
#42 C:\\Users\\Jayant Kumar Bhati\\OneDrive\\Desktop\\Car\\car-sale-backend\\vendor\\laravel\\framework\\src\\Illuminate\\Http\\Middleware\\TrustProxies.php(58): Illuminate\\Pipeline\\Pipeline->Illuminate\\Pipeline\\{closure}(Object(Illuminate\\Http\\Request))
#43 C:\\Users\\Jayant Kumar Bhati\\OneDrive\\Desktop\\Car\\car-sale-backend\\vendor\\laravel\\framework\\src\\Illuminate\\Pipeline\\Pipeline.php(209): Illuminate\\Http\\Middleware\\TrustProxies->handle(Object(Illuminate\\Http\\Request), Object(Closure))
#44 C:\\Users\\Jayant Kumar Bhati\\OneDrive\\Desktop\\Car\\car-sale-backend\\vendor\\laravel\\framework\\src\\Illuminate\\Foundation\\Http\\Middleware\\InvokeDeferredCallbacks.php(22): Illuminate\\Pipeline\\Pipeline->Illuminate\\Pipeline\\{closure}(Object(Illuminate\\Http\\Request))
#45 C:\\Users\\Jayant Kumar Bhati\\OneDrive\\Desktop\\Car\\car-sale-backend\\vendor\\laravel\\framework\\src\\Illuminate\\Pipeline\\Pipeline.php(209): Illuminate\\Foundation\\Http\\Middleware\\InvokeDeferredCallbacks->handle(Object(Illuminate\\Http\\Request), Object(Closure))
#46 C:\\Users\\Jayant Kumar Bhati\\OneDrive\\Desktop\\Car\\car-sale-backend\\vendor\\laravel\\framework\\src\\Illuminate\\Pipeline\\Pipeline.php(127): Illuminate\\Pipeline\\Pipeline->Illuminate\\Pipeline\\{closure}(Object(Illuminate\\Http\\Request))
#47 C:\\Users\\Jayant Kumar Bhati\\OneDrive\\Desktop\\Car\\car-sale-backend\\vendor\\laravel\\framework\\src\\Illuminate\\Foundation\\Http\\Kernel.php(176): Illuminate\\Pipeline\\Pipeline->then(Object(Closure))
#48 C:\\Users\\Jayant Kumar Bhati\\OneDrive\\Desktop\\Car\\car-sale-backend\\vendor\\laravel\\framework\\src\\Illuminate\\Foundation\\Http\\Kernel.php(145): Illuminate\\Foundation\\Http\\Kernel->sendRequestThroughRouter(Object(Illuminate\\Http\\Request))
#49 C:\\Users\\Jayant Kumar Bhati\\OneDrive\\Desktop\\Car\\car-sale-backend\\vendor\\laravel\\framework\\src\\Illuminate\\Foundation\\Application.php(1193): Illuminate\\Foundation\\Http\\Kernel->handle(Object(Illuminate\\Http\\Request))
#50 C:\\Users\\Jayant Kumar Bhati\\OneDrive\\Desktop\\Car\\car-sale-backend\\public\\index.php(17): Illuminate\\Foundation\\Application->handleRequest(Object(Illuminate\\Http\\Request))
#51 C:\\Users\\Jayant Kumar Bhati\\OneDrive\\Desktop\\Car\\car-sale-backend\\vendor\\laravel\\framework\\src\\Illuminate\\Foundation\\resources\\server.php(23): require_once('C:\\\\Users\\\\Jayant...')
#52 {main}
"} 
[2025-02-15 14:01:17] local.ERROR: foreach() argument must be of type array|object, string given {"exception":"[object] (ErrorException(code: 0): foreach() argument must be of type array|object, string given at C:\\Users\\Jayant Kumar Bhati\\OneDrive\\Desktop\\Car\\car-sale-backend\\app\\Models\\Car.php:82)
[stacktrace]
#0 C:\\Users\\Jayant Kumar Bhati\\OneDrive\\Desktop\\Car\\car-sale-backend\\vendor\\laravel\\framework\\src\\Illuminate\\Foundation\\Bootstrap\\HandleExceptions.php(290): Illuminate\\Foundation\\Bootstrap\\HandleExceptions->handleError(2, 'foreach() argum...', 'C:\\\\Users\\\\Jayant...', 82)
#1 C:\\Users\\Jayant Kumar Bhati\\OneDrive\\Desktop\\Car\\car-sale-backend\\app\\Models\\Car.php(82): Illuminate\\Foundation\\Bootstrap\\HandleExceptions->Illuminate\\Foundation\\Bootstrap\\{closure}(2, 'foreach() argum...', 'C:\\\\Users\\\\Jayant...', 82)
#2 C:\\Users\\Jayant Kumar Bhati\\OneDrive\\Desktop\\Car\\car-sale-backend\\vendor\\laravel\\framework\\src\\Illuminate\\Conditionable\\Traits\\Conditionable.php(34): App\\Models\\Car->App\\Models\\{closure}(Object(Illuminate\\Database\\Eloquent\\Builder), 'ABS')
#3 C:\\Users\\Jayant Kumar Bhati\\OneDrive\\Desktop\\Car\\car-sale-backend\\app\\Models\\Car.php(81): Illuminate\\Database\\Eloquent\\Builder->when('ABS', Object(Closure))
#4 C:\\Users\\Jayant Kumar Bhati\\OneDrive\\Desktop\\Car\\car-sale-backend\\vendor\\laravel\\framework\\src\\Illuminate\\Database\\Eloquent\\Model.php(1654): App\\Models\\Car->scopeFilter(Object(Illuminate\\Database\\Eloquent\\Builder), Array)
#5 C:\\Users\\Jayant Kumar Bhati\\OneDrive\\Desktop\\Car\\car-sale-backend\\vendor\\laravel\\framework\\src\\Illuminate\\Database\\Eloquent\\Builder.php(1508): Illuminate\\Database\\Eloquent\\Model->callNamedScope('filter', Array)
#6 C:\\Users\\Jayant Kumar Bhati\\OneDrive\\Desktop\\Car\\car-sale-backend\\vendor\\laravel\\framework\\src\\Illuminate\\Database\\Eloquent\\Builder.php(1489): Illuminate\\Database\\Eloquent\\Builder->Illuminate\\Database\\Eloquent\\{closure}(Object(Illuminate\\Database\\Eloquent\\Builder), Array)
#7 C:\\Users\\Jayant Kumar Bhati\\OneDrive\\Desktop\\Car\\car-sale-backend\\vendor\\laravel\\framework\\src\\Illuminate\\Database\\Eloquent\\Builder.php(1507): Illuminate\\Database\\Eloquent\\Builder->callScope(Object(Closure), Array)
#8 C:\\Users\\Jayant Kumar Bhati\\OneDrive\\Desktop\\Car\\car-sale-backend\\vendor\\laravel\\framework\\src\\Illuminate\\Database\\Eloquent\\Builder.php(2095): Illuminate\\Database\\Eloquent\\Builder->callNamedScope('filter', Array)
#9 C:\\Users\\Jayant Kumar Bhati\\OneDrive\\Desktop\\Car\\car-sale-backend\\app\\Http\\Controllers\\API\\CarController.php(22): Illuminate\\Database\\Eloquent\\Builder->__call('filter', Array)
#10 C:\\Users\\Jayant Kumar Bhati\\OneDrive\\Desktop\\Car\\car-sale-backend\\vendor\\laravel\\framework\\src\\Illuminate\\Routing\\Controller.php(54): App\\Http\\Controllers\\API\\CarController->index(Object(Illuminate\\Http\\Request))
#11 C:\\Users\\Jayant Kumar Bhati\\OneDrive\\Desktop\\Car\\car-sale-backend\\vendor\\laravel\\framework\\src\\Illuminate\\Routing\\ControllerDispatcher.php(44): Illuminate\\Routing\\Controller->callAction('index', Array)
#12 C:\\Users\\Jayant Kumar Bhati\\OneDrive\\Desktop\\Car\\car-sale-backend\\vendor\\laravel\\framework\\src\\Illuminate\\Routing\\Route.php(266): Illuminate\\Routing\\ControllerDispatcher->dispatch(Object(Illuminate\\Routing\\Route), Object(App\\Http\\Controllers\\API\\CarController), 'index')
#13 C:\\Users\\Jayant Kumar Bhati\\OneDrive\\Desktop\\Car\\car-sale-backend\\vendor\\laravel\\framework\\src\\Illuminate\\Routing\\Route.php(212): Illuminate\\Routing\\Route->runController()
#14 C:\\Users\\Jayant Kumar Bhati\\OneDrive\\Desktop\\Car\\car-sale-backend\\vendor\\laravel\\framework\\src\\Illuminate\\Routing\\Router.php(808): Illuminate\\Routing\\Route->run()
#15 C:\\Users\\Jayant Kumar Bhati\\OneDrive\\Desktop\\Car\\car-sale-backend\\vendor\\laravel\\framework\\src\\Illuminate\\Pipeline\\Pipeline.php(170): Illuminate\\Routing\\Router->Illuminate\\Routing\\{closure}(Object(Illuminate\\Http\\Request))
#16 C:\\Users\\Jayant Kumar Bhati\\OneDrive\\Desktop\\Car\\car-sale-backend\\vendor\\laravel\\framework\\src\\Illuminate\\Routing\\Middleware\\SubstituteBindings.php(51): Illuminate\\Pipeline\\Pipeline->Illuminate\\Pipeline\\{closure}(Object(Illuminate\\Http\\Request))
#17 C:\\Users\\Jayant Kumar Bhati\\OneDrive\\Desktop\\Car\\car-sale-backend\\vendor\\laravel\\framework\\src\\Illuminate\\Pipeline\\Pipeline.php(209): Illuminate\\Routing\\Middleware\\SubstituteBindings->handle(Object(Illuminate\\Http\\Request), Object(Closure))
#18 C:\\Users\\Jayant Kumar Bhati\\OneDrive\\Desktop\\Car\\car-sale-backend\\vendor\\laravel\\sanctum\\src\\Http\\Middleware\\EnsureFrontendRequestsAreStateful.php(25): Illuminate\\Pipeline\\Pipeline->Illuminate\\Pipeline\\{closure}(Object(Illuminate\\Http\\Request))
#19 C:\\Users\\Jayant Kumar Bhati\\OneDrive\\Desktop\\Car\\car-sale-backend\\vendor\\laravel\\framework\\src\\Illuminate\\Pipeline\\Pipeline.php(170): Laravel\\Sanctum\\Http\\Middleware\\EnsureFrontendRequestsAreStateful->Laravel\\Sanctum\\Http\\Middleware\\{closure}(Object(Illuminate\\Http\\Request))
#20 C:\\Users\\Jayant Kumar Bhati\\OneDrive\\Desktop\\Car\\car-sale-backend\\vendor\\laravel\\framework\\src\\Illuminate\\Pipeline\\Pipeline.php(127): Illuminate\\Pipeline\\Pipeline->Illuminate\\Pipeline\\{closure}(Object(Illuminate\\Http\\Request))
#21 C:\\Users\\Jayant Kumar Bhati\\OneDrive\\Desktop\\Car\\car-sale-backend\\vendor\\laravel\\sanctum\\src\\Http\\Middleware\\EnsureFrontendRequestsAreStateful.php(24): Illuminate\\Pipeline\\Pipeline->then(Object(Closure))
#22 C:\\Users\\Jayant Kumar Bhati\\OneDrive\\Desktop\\Car\\car-sale-backend\\vendor\\laravel\\framework\\src\\Illuminate\\Pipeline\\Pipeline.php(209): Laravel\\Sanctum\\Http\\Middleware\\EnsureFrontendRequestsAreStateful->handle(Object(Illuminate\\Http\\Request), Object(Closure))
#23 C:\\Users\\Jayant Kumar Bhati\\OneDrive\\Desktop\\Car\\car-sale-backend\\vendor\\laravel\\framework\\src\\Illuminate\\Pipeline\\Pipeline.php(127): Illuminate\\Pipeline\\Pipeline->Illuminate\\Pipeline\\{closure}(Object(Illuminate\\Http\\Request))
#24 C:\\Users\\Jayant Kumar Bhati\\OneDrive\\Desktop\\Car\\car-sale-backend\\vendor\\laravel\\framework\\src\\Illuminate\\Routing\\Router.php(807): Illuminate\\Pipeline\\Pipeline->then(Object(Closure))
#25 C:\\Users\\Jayant Kumar Bhati\\OneDrive\\Desktop\\Car\\car-sale-backend\\vendor\\laravel\\framework\\src\\Illuminate\\Routing\\Router.php(786): Illuminate\\Routing\\Router->runRouteWithinStack(Object(Illuminate\\Routing\\Route), Object(Illuminate\\Http\\Request))
#26 C:\\Users\\Jayant Kumar Bhati\\OneDrive\\Desktop\\Car\\car-sale-backend\\vendor\\laravel\\framework\\src\\Illuminate\\Routing\\Router.php(750): Illuminate\\Routing\\Router->runRoute(Object(Illuminate\\Http\\Request), Object(Illuminate\\Routing\\Route))
#27 C:\\Users\\Jayant Kumar Bhati\\OneDrive\\Desktop\\Car\\car-sale-backend\\vendor\\laravel\\framework\\src\\Illuminate\\Routing\\Router.php(739): Illuminate\\Routing\\Router->dispatchToRoute(Object(Illuminate\\Http\\Request))
#28 C:\\Users\\Jayant Kumar Bhati\\OneDrive\\Desktop\\Car\\car-sale-backend\\vendor\\laravel\\framework\\src\\Illuminate\\Foundation\\Http\\Kernel.php(201): Illuminate\\Routing\\Router->dispatch(Object(Illuminate\\Http\\Request))
#29 C:\\Users\\Jayant Kumar Bhati\\OneDrive\\Desktop\\Car\\car-sale-backend\\vendor\\laravel\\framework\\src\\Illuminate\\Pipeline\\Pipeline.php(170): Illuminate\\Foundation\\Http\\Kernel->Illuminate\\Foundation\\Http\\{closure}(Object(Illuminate\\Http\\Request))
#30 C:\\Users\\Jayant Kumar Bhati\\OneDrive\\Desktop\\Car\\car-sale-backend\\vendor\\laravel\\framework\\src\\Illuminate\\Foundation\\Http\\Middleware\\TransformsRequest.php(21): Illuminate\\Pipeline\\Pipeline->Illuminate\\Pipeline\\{closure}(Object(Illuminate\\Http\\Request))
#31 C:\\Users\\Jayant Kumar Bhati\\OneDrive\\Desktop\\Car\\car-sale-backend\\vendor\\laravel\\framework\\src\\Illuminate\\Foundation\\Http\\Middleware\\ConvertEmptyStringsToNull.php(31): Illuminate\\Foundation\\Http\\Middleware\\TransformsRequest->handle(Object(Illuminate\\Http\\Request), Object(Closure))
#32 C:\\Users\\Jayant Kumar Bhati\\OneDrive\\Desktop\\Car\\car-sale-backend\\vendor\\laravel\\framework\\src\\Illuminate\\Pipeline\\Pipeline.php(209): Illuminate\\Foundation\\Http\\Middleware\\ConvertEmptyStringsToNull->handle(Object(Illuminate\\Http\\Request), Object(Closure))
#33 C:\\Users\\Jayant Kumar Bhati\\OneDrive\\Desktop\\Car\\car-sale-backend\\vendor\\laravel\\framework\\src\\Illuminate\\Foundation\\Http\\Middleware\\TransformsRequest.php(21): Illuminate\\Pipeline\\Pipeline->Illuminate\\Pipeline\\{closure}(Object(Illuminate\\Http\\Request))
#34 C:\\Users\\Jayant Kumar Bhati\\OneDrive\\Desktop\\Car\\car-sale-backend\\vendor\\laravel\\framework\\src\\Illuminate\\Foundation\\Http\\Middleware\\TrimStrings.php(51): Illuminate\\Foundation\\Http\\Middleware\\TransformsRequest->handle(Object(Illuminate\\Http\\Request), Object(Closure))
#35 C:\\Users\\Jayant Kumar Bhati\\OneDrive\\Desktop\\Car\\car-sale-backend\\vendor\\laravel\\framework\\src\\Illuminate\\Pipeline\\Pipeline.php(209): Illuminate\\Foundation\\Http\\Middleware\\TrimStrings->handle(Object(Illuminate\\Http\\Request), Object(Closure))
#36 C:\\Users\\Jayant Kumar Bhati\\OneDrive\\Desktop\\Car\\car-sale-backend\\vendor\\laravel\\framework\\src\\Illuminate\\Http\\Middleware\\ValidatePostSize.php(27): Illuminate\\Pipeline\\Pipeline->Illuminate\\Pipeline\\{closure}(Object(Illuminate\\Http\\Request))
#37 C:\\Users\\Jayant Kumar Bhati\\OneDrive\\Desktop\\Car\\car-sale-backend\\vendor\\laravel\\framework\\src\\Illuminate\\Pipeline\\Pipeline.php(209): Illuminate\\Http\\Middleware\\ValidatePostSize->handle(Object(Illuminate\\Http\\Request), Object(Closure))
#38 C:\\Users\\Jayant Kumar Bhati\\OneDrive\\Desktop\\Car\\car-sale-backend\\vendor\\laravel\\framework\\src\\Illuminate\\Foundation\\Http\\Middleware\\PreventRequestsDuringMaintenance.php(110): Illuminate\\Pipeline\\Pipeline->Illuminate\\Pipeline\\{closure}(Object(Illuminate\\Http\\Request))
#39 C:\\Users\\Jayant Kumar Bhati\\OneDrive\\Desktop\\Car\\car-sale-backend\\vendor\\laravel\\framework\\src\\Illuminate\\Pipeline\\Pipeline.php(209): Illuminate\\Foundation\\Http\\Middleware\\PreventRequestsDuringMaintenance->handle(Object(Illuminate\\Http\\Request), Object(Closure))
#40 C:\\Users\\Jayant Kumar Bhati\\OneDrive\\Desktop\\Car\\car-sale-backend\\vendor\\laravel\\framework\\src\\Illuminate\\Http\\Middleware\\HandleCors.php(62): Illuminate\\Pipeline\\Pipeline->Illuminate\\Pipeline\\{closure}(Object(Illuminate\\Http\\Request))
#41 C:\\Users\\Jayant Kumar Bhati\\OneDrive\\Desktop\\Car\\car-sale-backend\\vendor\\laravel\\framework\\src\\Illuminate\\Pipeline\\Pipeline.php(209): Illuminate\\Http\\Middleware\\HandleCors->handle(Object(Illuminate\\Http\\Request), Object(Closure))
#42 C:\\Users\\Jayant Kumar Bhati\\OneDrive\\Desktop\\Car\\car-sale-backend\\vendor\\laravel\\framework\\src\\Illuminate\\Http\\Middleware\\TrustProxies.php(58): Illuminate\\Pipeline\\Pipeline->Illuminate\\Pipeline\\{closure}(Object(Illuminate\\Http\\Request))
#43 C:\\Users\\Jayant Kumar Bhati\\OneDrive\\Desktop\\Car\\car-sale-backend\\vendor\\laravel\\framework\\src\\Illuminate\\Pipeline\\Pipeline.php(209): Illuminate\\Http\\Middleware\\TrustProxies->handle(Object(Illuminate\\Http\\Request), Object(Closure))
#44 C:\\Users\\Jayant Kumar Bhati\\OneDrive\\Desktop\\Car\\car-sale-backend\\vendor\\laravel\\framework\\src\\Illuminate\\Foundation\\Http\\Middleware\\InvokeDeferredCallbacks.php(22): Illuminate\\Pipeline\\Pipeline->Illuminate\\Pipeline\\{closure}(Object(Illuminate\\Http\\Request))
#45 C:\\Users\\Jayant Kumar Bhati\\OneDrive\\Desktop\\Car\\car-sale-backend\\vendor\\laravel\\framework\\src\\Illuminate\\Pipeline\\Pipeline.php(209): Illuminate\\Foundation\\Http\\Middleware\\InvokeDeferredCallbacks->handle(Object(Illuminate\\Http\\Request), Object(Closure))
#46 C:\\Users\\Jayant Kumar Bhati\\OneDrive\\Desktop\\Car\\car-sale-backend\\vendor\\laravel\\framework\\src\\Illuminate\\Pipeline\\Pipeline.php(127): Illuminate\\Pipeline\\Pipeline->Illuminate\\Pipeline\\{closure}(Object(Illuminate\\Http\\Request))
#47 C:\\Users\\Jayant Kumar Bhati\\OneDrive\\Desktop\\Car\\car-sale-backend\\vendor\\laravel\\framework\\src\\Illuminate\\Foundation\\Http\\Kernel.php(176): Illuminate\\Pipeline\\Pipeline->then(Object(Closure))
#48 C:\\Users\\Jayant Kumar Bhati\\OneDrive\\Desktop\\Car\\car-sale-backend\\vendor\\laravel\\framework\\src\\Illuminate\\Foundation\\Http\\Kernel.php(145): Illuminate\\Foundation\\Http\\Kernel->sendRequestThroughRouter(Object(Illuminate\\Http\\Request))
#49 C:\\Users\\Jayant Kumar Bhati\\OneDrive\\Desktop\\Car\\car-sale-backend\\vendor\\laravel\\framework\\src\\Illuminate\\Foundation\\Application.php(1193): Illuminate\\Foundation\\Http\\Kernel->handle(Object(Illuminate\\Http\\Request))
#50 C:\\Users\\Jayant Kumar Bhati\\OneDrive\\Desktop\\Car\\car-sale-backend\\public\\index.php(17): Illuminate\\Foundation\\Application->handleRequest(Object(Illuminate\\Http\\Request))
#51 C:\\Users\\Jayant Kumar Bhati\\OneDrive\\Desktop\\Car\\car-sale-backend\\vendor\\laravel\\framework\\src\\Illuminate\\Foundation\\resources\\server.php(23): require_once('C:\\\\Users\\\\Jayant...')
#52 {main}
"} 
[2025-02-15 14:05:37] local.WARNING: Request data: {"title":"Elantra","make":"Huyndai","model":"N-line","year":"2023","price":"30000","description":"Nice sporty car","mileage":"16","mileage_unit":"kmpl","fuel_type":"Petrol","transmission":"Automatic","owner_number":"First","color":"Red","body_type":"Sedan","registration_year":"2023","insurance_validity":"2025-02-26","engine_cc":"24000","variant":"N-line","power_windows":"1","abs":"1","airbags":"1","sunroof":"1","navigation":"1","rear_camera":"1","leather_seats":"1","images":[{},{}]}  
[2025-02-15 15:59:56] local.WARNING: Request data: {"title":"BMW","make":"German","model":"Series S","year":"2023","price":"12000","description":"nice car","mileage":"18","mileage_unit":"kmpl","fuel_type":"Petrol","transmission":"Automatic","owner_number":"First","color":"White","body_type":"Sedab","registration_year":"2023","insurance_validity":"2027-03-19","power_windows":"1","abs":"1","airbags":"1","sunroof":"1","navigation":"1","rear_camera":"1","leather_seats":"1","images":[{},{}]}  
[2025-02-15 16:08:17] local.DEBUG: Authenticated User: {"id":1,"email":"mayjay1927@gmail.com","role":"admin"} 
[2025-02-15 16:08:19] local.DEBUG: Authenticated User: {"id":1,"email":"mayjay1927@gmail.com","role":"admin"} 
[2025-02-15 16:11:16] local.DEBUG: Authenticated User: {"id":1,"email":"mayjay1927@gmail.com","role":"admin"} 
[2025-02-15 16:11:17] local.DEBUG: Authenticated User: {"id":1,"email":"mayjay1927@gmail.com","role":"admin"} 
[2025-02-15 16:11:30] local.DEBUG: Authenticated User: {"id":1,"email":"mayjay1927@gmail.com","role":"admin"} 
[2025-02-15 16:11:31] local.DEBUG: Authenticated User: {"id":1,"email":"mayjay1927@gmail.com","role":"admin"} 
[2025-02-15 16:11:45] local.DEBUG: Authenticated User: {"id":1,"email":"mayjay1927@gmail.com","role":"admin"} 
[2025-02-15 16:11:46] local.DEBUG: Authenticated User: {"id":1,"email":"mayjay1927@gmail.com","role":"admin"} 
[2025-02-15 16:12:08] local.DEBUG: Authenticated User: {"id":1,"email":"mayjay1927@gmail.com","role":"admin"} 
[2025-02-15 16:12:09] local.DEBUG: Authenticated User: {"id":1,"email":"mayjay1927@gmail.com","role":"admin"} 
[2025-02-15 16:12:30] local.DEBUG: Authenticated User: {"id":1,"email":"mayjay1927@gmail.com","role":"admin"} 
[2025-02-15 16:12:34] local.DEBUG: Authenticated User: {"id":1,"email":"mayjay1927@gmail.com","role":"admin"} 
[2025-02-15 16:14:35] local.WARNING: Request data: {"title":"BMW","make":"Germany","model":"Series S","year":"2021","price":"122","description":"weqwefda","mileage":"12","mileage_unit":"kmpl","fuel_type":"Petrol","transmission":"Manual","color":"White","power_windows":"1","abs":"1","airbags":"1","sunroof":"1","navigation":"1","rear_camera":"1","leather_seats":"1","images":[{},{}]}  
[2025-02-15 16:15:51] local.DEBUG: Authenticated User: {"id":1,"email":"mayjay1927@gmail.com","role":"admin"} 
[2025-02-15 16:15:54] local.DEBUG: Authenticated User: {"id":1,"email":"mayjay1927@gmail.com","role":"admin"} 
[2025-02-15 16:20:22] local.DEBUG: Authenticated User: {"id":1,"email":"mayjay1927@gmail.com","role":"admin"} 
[2025-02-15 16:20:23] local.DEBUG: Authenticated User: {"id":1,"email":"mayjay1927@gmail.com","role":"admin"} 
[2025-02-16 05:25:17] local.ERROR: Maximum execution time of 30 seconds exceeded {"exception":"[object] (Symfony\\Component\\ErrorHandler\\Error\\FatalError(code: 0): Maximum execution time of 30 seconds exceeded at C:\\Users\\Jayant Kumar Bhati\\OneDrive\\Desktop\\Car\\car-sale-backend\\vendor\\laravel\\framework\\src\\Illuminate\\Pagination\\Paginator.php:26)
[stacktrace]
#0 {main}
"} 
[2025-02-16 06:56:26] local.DEBUG: Authenticated User: {"id":1,"email":"mayjay1927@gmail.com","role":"admin"} 
[2025-02-16 06:56:27] local.DEBUG: Authenticated User: {"id":1,"email":"mayjay1927@gmail.com","role":"admin"} 
[2025-02-16 06:57:37] local.DEBUG: Authenticated User: {"id":1,"email":"mayjay1927@gmail.com","role":"admin"} 
[2025-02-16 06:57:38] local.DEBUG: Authenticated User: {"id":1,"email":"mayjay1927@gmail.com","role":"admin"} 
[2025-02-16 06:57:40] local.DEBUG: Authenticated User: {"id":1,"email":"mayjay1927@gmail.com","role":"admin"} 
[2025-02-16 06:57:41] local.DEBUG: Authenticated User: {"id":1,"email":"mayjay1927@gmail.com","role":"admin"} 
[2025-02-16 06:57:48] local.DEBUG: Authenticated User: {"id":1,"email":"mayjay1927@gmail.com","role":"admin"} 
[2025-02-16 06:57:50] local.DEBUG: Authenticated User: {"id":1,"email":"mayjay1927@gmail.com","role":"admin"} 
[2025-02-16 07:01:23] local.DEBUG: Authenticated User: {"id":1,"email":"mayjay1927@gmail.com","role":"admin"} 
[2025-02-16 07:01:24] local.DEBUG: Authenticated User: {"id":1,"email":"mayjay1927@gmail.com","role":"admin"} 
[2025-02-16 07:01:25] local.DEBUG: Authenticated User: {"id":1,"email":"mayjay1927@gmail.com","role":"admin"} 
[2025-02-16 07:01:49] local.DEBUG: Authenticated User: {"id":1,"email":"mayjay1927@gmail.com","role":"admin"} 
[2025-02-16 07:02:03] local.DEBUG: Authenticated User: {"id":1,"email":"mayjay1927@gmail.com","role":"admin"} 
[2025-02-16 07:02:16] local.DEBUG: Authenticated User: {"id":1,"email":"mayjay1927@gmail.com","role":"admin"} 
[2025-02-16 07:13:12] local.DEBUG: Authenticated User: {"id":1,"email":"mayjay1927@gmail.com","role":"admin"} 
[2025-02-16 07:13:13] local.DEBUG: Authenticated User: {"id":1,"email":"mayjay1927@gmail.com","role":"admin"} 
[2025-02-16 07:13:14] local.DEBUG: Authenticated User: {"id":1,"email":"mayjay1927@gmail.com","role":"admin"} 
[2025-02-16 07:24:14] local.DEBUG: Authenticated User: {"id":1,"email":"mayjay1927@gmail.com","role":"admin"} 
[2025-02-16 07:24:15] local.DEBUG: Authenticated User: {"id":1,"email":"mayjay1927@gmail.com","role":"admin"} 
[2025-02-16 07:24:16] local.DEBUG: Authenticated User: {"id":1,"email":"mayjay1927@gmail.com","role":"admin"} 
[2025-02-16 07:28:04] local.DEBUG: Authenticated User: {"id":1,"email":"mayjay1927@gmail.com","role":"admin"} 
[2025-02-16 07:28:05] local.DEBUG: Authenticated User: {"id":1,"email":"mayjay1927@gmail.com","role":"admin"} 
[2025-02-16 07:28:06] local.DEBUG: Authenticated User: {"id":1,"email":"mayjay1927@gmail.com","role":"admin"} 
[2025-02-16 07:28:33] local.DEBUG: Authenticated User: {"id":1,"email":"mayjay1927@gmail.com","role":"admin"} 
[2025-02-16 07:28:33] local.DEBUG: Authenticated User: {"id":1,"email":"mayjay1927@gmail.com","role":"admin"} 
[2025-02-16 07:28:34] local.DEBUG: Authenticated User: {"id":1,"email":"mayjay1927@gmail.com","role":"admin"} 
[2025-02-16 07:28:42] local.DEBUG: Authenticated User: {"id":1,"email":"mayjay1927@gmail.com","role":"admin"} 
[2025-02-16 07:28:44] local.DEBUG: Authenticated User: {"id":1,"email":"mayjay1927@gmail.com","role":"admin"} 
[2025-02-16 07:28:47] local.DEBUG: Authenticated User: {"id":1,"email":"mayjay1927@gmail.com","role":"admin"} 
[2025-02-16 07:28:48] local.DEBUG: Authenticated User: {"id":1,"email":"mayjay1927@gmail.com","role":"admin"} 
[2025-02-16 07:28:51] local.DEBUG: Authenticated User: {"id":1,"email":"mayjay1927@gmail.com","role":"admin"} 
[2025-02-16 07:28:52] local.DEBUG: Authenticated User: {"id":1,"email":"mayjay1927@gmail.com","role":"admin"} 
[2025-02-16 08:08:26] local.DEBUG: Authenticated User: {"id":1,"email":"mayjay1927@gmail.com","role":"admin"} 
[2025-02-16 08:08:27] local.DEBUG: Authenticated User: {"id":1,"email":"mayjay1927@gmail.com","role":"admin"} 
[2025-02-16 08:08:28] local.DEBUG: Authenticated User: {"id":1,"email":"mayjay1927@gmail.com","role":"admin"} 
[2025-02-16 08:08:30] local.DEBUG: Authenticated User: {"id":1,"email":"mayjay1927@gmail.com","role":"admin"} 
[2025-02-16 08:08:44] local.DEBUG: Authenticated User: {"id":1,"email":"mayjay1927@gmail.com","role":"admin"} 
[2025-02-16 08:08:45] local.DEBUG: Authenticated User: {"id":1,"email":"mayjay1927@gmail.com","role":"admin"} 
[2025-02-16 08:08:46] local.DEBUG: Authenticated User: {"id":1,"email":"mayjay1927@gmail.com","role":"admin"} 
